<?xml version="1.0" encoding="UTF-8"?>
<TestRun id="42328614-2b85-4d7e-ab9b-7fe103bfc3b2" name="Admin@PC127 2013-06-28 15:46:21" runUser="pc127\Admin" xmlns="http://microsoft.com/schemas/VisualStudio/TeamTest/2010">
  <TestSettings name="Локальные" id="0307d9ab-2183-4378-b68a-427592b18606">
    <Description>Это - параметры по умолчанию для локального тестового запуска.</Description>
    <Deployment userDeploymentRoot="C:\Users\Admin\Documents\GitHub\Calculate\TestResults" useDefaultDeploymentRoot="false" enabled="false" runDeploymentRoot="Admin_PC127 2013-06-28 15_46_21" />
    <Execution>
      <TestTypeSpecific />
      <AgentRule name="Execution Agents">
      </AgentRule>
    </Execution>
  </TestSettings>
  <Times creation="2013-06-28T15:46:21.2219461+07:00" queuing="2013-06-28T15:46:21.2249463+07:00" start="2013-06-28T15:46:21.2869499+07:00" finish="2013-06-28T15:46:21.9419873+07:00" />
  <ResultSummary outcome="Failed">
    <Counters total="1" executed="1" error="0" failed="1" timeout="0" aborted="0" inconclusive="0" passedButRunAborted="0" notRunnable="0" notExecuted="0" disconnected="0" warning="0" passed="0" completed="0" inProgress="0" pending="0" />
  </ResultSummary>
  <TestDefinitions>
    <UnitTest name="TestMethod1" storage="c:\users\admin\documents\github\calculate\testggraphrez\bin\debug\testggraphrez.dll" id="35ad0d10-4ca8-282d-6b17-32c220db3721">
      <Execution id="3d470403-af58-4a15-9a36-0718324ba47c" />
      <TestMethod codeBase="C:/Users/Admin/Documents/GitHub/Calculate/TestgGraphrez/bin/Debug/TestgGraphrez.DLL" adapterTypeName="Microsoft.VisualStudio.TestTools.TestTypes.Unit.UnitTestAdapter, Microsoft.VisualStudio.QualityTools.Tips.UnitTest.Adapter, Version=10.0.0.0, Culture=neutral, PublicKeyToken=b03f5f7f11d50a3a" className="TestgGraphrez.UnitTest1, TestgGraphrez, Version=1.0.0.0, Culture=neutral, PublicKeyToken=null" name="TestMethod1" />
    </UnitTest>
  </TestDefinitions>
  <TestLists>
    <TestList name="Отсутствующие в списке результаты" id="8c84fa94-04c1-424b-9868-57a2d4851a1d" />
    <TestList name="Все загруженные результаты" id="19431567-8539-422a-85d7-44ee4e166bda" />
  </TestLists>
  <TestEntries>
    <TestEntry testId="35ad0d10-4ca8-282d-6b17-32c220db3721" executionId="3d470403-af58-4a15-9a36-0718324ba47c" testListId="8c84fa94-04c1-424b-9868-57a2d4851a1d" />
  </TestEntries>
  <Results>
    <UnitTestResult executionId="3d470403-af58-4a15-9a36-0718324ba47c" testId="35ad0d10-4ca8-282d-6b17-32c220db3721" testName="TestMethod1" computerName="PC127" duration="00:00:00.0298581" startTime="2013-06-28T15:46:21.2989505+07:00" endTime="2013-06-28T15:46:21.5359641+07:00" testType="13cdc9d9-ddb5-4fa4-a97d-d965ccfc6d4b" outcome="Failed" testListId="8c84fa94-04c1-424b-9868-57a2d4851a1d" relativeResultsDirectory="3d470403-af58-4a15-9a36-0718324ba47c">
      <Output>
        <ErrorInfo>
          <Message>Ошибка в Assert.AreEqual. Между ожидаемым значением &lt;3&gt; и фактическим значением &lt;6&gt; требуется разница не более чем &lt;0,001&gt;. </Message>
          <StackTrace>   в TestgGraphrez.UnitTest1.TestMethod1() в C:\Users\Admin\Documents\GitHub\Calculate\TestgGraphrez\UnitTest1.cs:строка 16
</StackTrace>
        </ErrorInfo>
      </Output>
    </UnitTestResult>
  </Results>
</TestRun>