<?xml version="1.0" encoding="UTF-8"?>
<TestRun id="265269c5-7f63-4db1-8619-7f289329def3" name="Admin@PC127 2013-07-01 15:06:57" runUser="pc127\Admin" xmlns="http://microsoft.com/schemas/VisualStudio/TeamTest/2010">
  <TestSettings name="Локальные" id="0307d9ab-2183-4378-b68a-427592b18606">
    <Description>Это - параметры по умолчанию для локального тестового запуска.</Description>
    <Deployment enabled="false" runDeploymentRoot="Admin_PC127 2013-07-01 15_06_57">
      <DeploymentItem filename="C:\Users\Admin\Documents\GitHub\Calculate\graphrez\bin\Debug\graphrez.exe" />
    </Deployment>
    <Execution>
      <TestTypeSpecific />
      <AgentRule name="Execution Agents">
      </AgentRule>
    </Execution>
  </TestSettings>
  <Times creation="2013-07-01T15:06:57.6512153+06:00" queuing="2013-07-01T15:07:00.7443922+06:00" start="2013-07-01T15:07:00.9274026+06:00" finish="2013-07-01T15:07:03.4175451+06:00" />
  <ResultSummary outcome="Completed">
    <Counters total="9" executed="9" passed="9" error="0" failed="0" timeout="0" aborted="0" inconclusive="0" passedButRunAborted="0" notRunnable="0" notExecuted="0" disconnected="0" warning="0" completed="0" inProgress="0" pending="0" />
  </ResultSummary>
  <TestDefinitions>
    <UnitTest name="TestDooble" storage="c:\users\admin\documents\github\calculate\testggraphrez\bin\debug\testggraphrez.dll" id="bbe9b431-e740-0447-28f5-5e07af1a265f">
      <Execution id="d5a795b9-457b-4a2f-9cfa-a410813cf09c" />
      <TestMethod codeBase="C:/Users/Admin/Documents/GitHub/Calculate/TestgGraphrez/bin/Debug/TestgGraphrez.DLL" adapterTypeName="Microsoft.VisualStudio.TestTools.TestTypes.Unit.UnitTestAdapter, Microsoft.VisualStudio.QualityTools.Tips.UnitTest.Adapter, Version=10.0.0.0, Culture=neutral, PublicKeyToken=b03f5f7f11d50a3a" className="TestgGraphrez.AdditionTest, TestgGraphrez, Version=1.0.0.0, Culture=neutral, PublicKeyToken=null" name="TestDooble" />
    </UnitTest>
    <UnitTest name="TestInt" storage="c:\users\admin\documents\github\calculate\testggraphrez\bin\debug\testggraphrez.dll" id="04443e7f-f9b7-21a8-cf7e-0b125466d972">
      <Execution id="2e33fc6d-d941-44f0-bc34-44007227260a" />
      <TestMethod codeBase="C:/Users/Admin/Documents/GitHub/Calculate/TestgGraphrez/bin/Debug/TestgGraphrez.DLL" adapterTypeName="Microsoft.VisualStudio.TestTools.TestTypes.Unit.UnitTestAdapter, Microsoft.VisualStudio.QualityTools.Tips.UnitTest.Adapter, Version=10.0.0.0, Culture=neutral, PublicKeyToken=b03f5f7f11d50a3a" className="TestgGraphrez.AdditionTest, TestgGraphrez, Version=1.0.0.0, Culture=neutral, PublicKeyToken=null" name="TestInt" />
    </UnitTest>
    <UnitTest name="Testdooble" storage="c:\users\admin\documents\github\calculate\testggraphrez\bin\debug\testggraphrez.dll" id="8c874cdf-5c70-2c1b-54b3-d6e3235222b0">
      <Execution id="18229978-99a9-4cb0-8356-0df7ca9bd7d1" />
      <TestMethod codeBase="C:/Users/Admin/Documents/GitHub/Calculate/TestgGraphrez/bin/Debug/TestgGraphrez.DLL" adapterTypeName="Microsoft.VisualStudio.TestTools.TestTypes.Unit.UnitTestAdapter, Microsoft.VisualStudio.QualityTools.Tips.UnitTest.Adapter, Version=10.0.0.0, Culture=neutral, PublicKeyToken=b03f5f7f11d50a3a" className="TestgGraphrez.ExpTest, TestgGraphrez, Version=1.0.0.0, Culture=neutral, PublicKeyToken=null" name="Testdooble" />
    </UnitTest>
    <UnitTest name="TestInt" storage="c:\users\admin\documents\github\calculate\testggraphrez\bin\debug\testggraphrez.dll" id="20fd104c-c5d0-78c6-4469-6f5fac7f20d2">
      <Execution id="4991fb82-2783-46d6-abfb-a00c3e3852d1" />
      <TestMethod codeBase="C:/Users/Admin/Documents/GitHub/Calculate/TestgGraphrez/bin/Debug/TestgGraphrez.DLL" adapterTypeName="Microsoft.VisualStudio.TestTools.TestTypes.Unit.UnitTestAdapter, Microsoft.VisualStudio.QualityTools.Tips.UnitTest.Adapter, Version=10.0.0.0, Culture=neutral, PublicKeyToken=b03f5f7f11d50a3a" className="TestgGraphrez.DivisionTest, TestgGraphrez, Version=1.0.0.0, Culture=neutral, PublicKeyToken=null" name="TestInt" />
    </UnitTest>
    <UnitTest name="doubleTest" storage="c:\users\admin\documents\github\calculate\testggraphrez\bin\debug\testggraphrez.dll" id="55f46a5a-cae9-d6e1-8f67-e8271f72213a">
      <Execution id="ae6b4227-c045-467f-9c44-d0ae1adfb694" />
      <TestMethod codeBase="C:/Users/Admin/Documents/GitHub/Calculate/TestgGraphrez/bin/Debug/TestgGraphrez.DLL" adapterTypeName="Microsoft.VisualStudio.TestTools.TestTypes.Unit.UnitTestAdapter, Microsoft.VisualStudio.QualityTools.Tips.UnitTest.Adapter, Version=10.0.0.0, Culture=neutral, PublicKeyToken=b03f5f7f11d50a3a" className="TestgGraphrez.AsinTest, TestgGraphrez, Version=1.0.0.0, Culture=neutral, PublicKeyToken=null" name="doubleTest" />
    </UnitTest>
    <UnitTest name="TestFloat" storage="c:\users\admin\documents\github\calculate\testggraphrez\bin\debug\testggraphrez.dll" id="2da0da56-edcd-1076-a340-0dc90ca1d00a">
      <Execution id="dcb086a2-9ea9-4a05-b50f-2887b7e16be0" />
      <TestMethod codeBase="C:/Users/Admin/Documents/GitHub/Calculate/TestgGraphrez/bin/Debug/TestgGraphrez.DLL" adapterTypeName="Microsoft.VisualStudio.TestTools.TestTypes.Unit.UnitTestAdapter, Microsoft.VisualStudio.QualityTools.Tips.UnitTest.Adapter, Version=10.0.0.0, Culture=neutral, PublicKeyToken=b03f5f7f11d50a3a" className="TestgGraphrez.DivisionTest, TestgGraphrez, Version=1.0.0.0, Culture=neutral, PublicKeyToken=null" name="TestFloat" />
    </UnitTest>
    <UnitTest name="TestInt" storage="c:\users\admin\documents\github\calculate\testggraphrez\bin\debug\testggraphrez.dll" id="0a28b335-9118-2e90-fc31-af7a9e18fd90">
      <Execution id="95f8732f-c1b0-482a-8dd1-a863eccdda22" />
      <TestMethod codeBase="C:/Users/Admin/Documents/GitHub/Calculate/TestgGraphrez/bin/Debug/TestgGraphrez.DLL" adapterTypeName="Microsoft.VisualStudio.TestTools.TestTypes.Unit.UnitTestAdapter, Microsoft.VisualStudio.QualityTools.Tips.UnitTest.Adapter, Version=10.0.0.0, Culture=neutral, PublicKeyToken=b03f5f7f11d50a3a" className="TestgGraphrez.SubstractionTest, TestgGraphrez, Version=1.0.0.0, Culture=neutral, PublicKeyToken=null" name="TestInt" />
    </UnitTest>
    <UnitTest name="TestDouble" storage="c:\users\admin\documents\github\calculate\testggraphrez\bin\debug\testggraphrez.dll" id="a76ef35d-fdf0-f6cc-0e27-623b73fc6140">
      <Execution id="b427ce27-6ecd-4903-b4f0-9c51b9a15b70" />
      <TestMethod codeBase="C:/Users/Admin/Documents/GitHub/Calculate/TestgGraphrez/bin/Debug/TestgGraphrez.DLL" adapterTypeName="Microsoft.VisualStudio.TestTools.TestTypes.Unit.UnitTestAdapter, Microsoft.VisualStudio.QualityTools.Tips.UnitTest.Adapter, Version=10.0.0.0, Culture=neutral, PublicKeyToken=b03f5f7f11d50a3a" className="TestgGraphrez.SubstractionTest, TestgGraphrez, Version=1.0.0.0, Culture=neutral, PublicKeyToken=null" name="TestDouble" />
    </UnitTest>
    <UnitTest name="DoubleTest" storage="c:\users\admin\documents\github\calculate\testggraphrez\bin\debug\testggraphrez.dll" id="4d211943-eeb5-052a-2994-2a3ea4e7421c">
      <Execution id="88865cfa-dedc-4168-8662-94219f513a4e" />
      <TestMethod codeBase="C:/Users/Admin/Documents/GitHub/Calculate/TestgGraphrez/bin/Debug/TestgGraphrez.DLL" adapterTypeName="Microsoft.VisualStudio.TestTools.TestTypes.Unit.UnitTestAdapter, Microsoft.VisualStudio.QualityTools.Tips.UnitTest.Adapter, Version=10.0.0.0, Culture=neutral, PublicKeyToken=b03f5f7f11d50a3a" className="TestgGraphrez.SinTest, TestgGraphrez, Version=1.0.0.0, Culture=neutral, PublicKeyToken=null" name="DoubleTest" />
    </UnitTest>
  </TestDefinitions>
  <TestLists>
    <TestList name="Отсутствующие в списке результаты" id="8c84fa94-04c1-424b-9868-57a2d4851a1d" />
    <TestList name="Все загруженные результаты" id="19431567-8539-422a-85d7-44ee4e166bda" />
  </TestLists>
  <TestEntries>
    <TestEntry testId="04443e7f-f9b7-21a8-cf7e-0b125466d972" executionId="2e33fc6d-d941-44f0-bc34-44007227260a" testListId="8c84fa94-04c1-424b-9868-57a2d4851a1d" />
    <TestEntry testId="0a28b335-9118-2e90-fc31-af7a9e18fd90" executionId="95f8732f-c1b0-482a-8dd1-a863eccdda22" testListId="8c84fa94-04c1-424b-9868-57a2d4851a1d" />
    <TestEntry testId="20fd104c-c5d0-78c6-4469-6f5fac7f20d2" executionId="4991fb82-2783-46d6-abfb-a00c3e3852d1" testListId="8c84fa94-04c1-424b-9868-57a2d4851a1d" />
    <TestEntry testId="2da0da56-edcd-1076-a340-0dc90ca1d00a" executionId="dcb086a2-9ea9-4a05-b50f-2887b7e16be0" testListId="8c84fa94-04c1-424b-9868-57a2d4851a1d" />
    <TestEntry testId="4d211943-eeb5-052a-2994-2a3ea4e7421c" executionId="88865cfa-dedc-4168-8662-94219f513a4e" testListId="8c84fa94-04c1-424b-9868-57a2d4851a1d" />
    <TestEntry testId="55f46a5a-cae9-d6e1-8f67-e8271f72213a" executionId="ae6b4227-c045-467f-9c44-d0ae1adfb694" testListId="8c84fa94-04c1-424b-9868-57a2d4851a1d" />
    <TestEntry testId="8c874cdf-5c70-2c1b-54b3-d6e3235222b0" executionId="18229978-99a9-4cb0-8356-0df7ca9bd7d1" testListId="8c84fa94-04c1-424b-9868-57a2d4851a1d" />
    <TestEntry testId="a76ef35d-fdf0-f6cc-0e27-623b73fc6140" executionId="b427ce27-6ecd-4903-b4f0-9c51b9a15b70" testListId="8c84fa94-04c1-424b-9868-57a2d4851a1d" />
    <TestEntry testId="bbe9b431-e740-0447-28f5-5e07af1a265f" executionId="d5a795b9-457b-4a2f-9cfa-a410813cf09c" testListId="8c84fa94-04c1-424b-9868-57a2d4851a1d" />
  </TestEntries>
  <Results>
    <UnitTestResult executionId="2e33fc6d-d941-44f0-bc34-44007227260a" testId="04443e7f-f9b7-21a8-cf7e-0b125466d972" testName="TestInt" computerName="PC127" duration="00:00:00.0230513" startTime="2013-07-01T15:07:01.3324258+06:00" endTime="2013-07-01T15:07:02.7455066+06:00" testType="13cdc9d9-ddb5-4fa4-a97d-d965ccfc6d4b" outcome="Passed" testListId="8c84fa94-04c1-424b-9868-57a2d4851a1d" relativeResultsDirectory="2e33fc6d-d941-44f0-bc34-44007227260a">
    </UnitTestResult>
    <UnitTestResult executionId="95f8732f-c1b0-482a-8dd1-a863eccdda22" testId="0a28b335-9118-2e90-fc31-af7a9e18fd90" testName="TestInt" computerName="PC127" duration="00:00:00.0060703" startTime="2013-07-01T15:07:02.7775085+06:00" endTime="2013-07-01T15:07:02.8135105+06:00" testType="13cdc9d9-ddb5-4fa4-a97d-d965ccfc6d4b" outcome="Passed" testListId="8c84fa94-04c1-424b-9868-57a2d4851a1d" relativeResultsDirectory="95f8732f-c1b0-482a-8dd1-a863eccdda22">
    </UnitTestResult>
    <UnitTestResult executionId="4991fb82-2783-46d6-abfb-a00c3e3852d1" testId="20fd104c-c5d0-78c6-4469-6f5fac7f20d2" testName="TestInt" computerName="PC127" duration="00:00:00.0004848" startTime="2013-07-01T15:07:02.8375119+06:00" endTime="2013-07-01T15:07:02.8615133+06:00" testType="13cdc9d9-ddb5-4fa4-a97d-d965ccfc6d4b" outcome="Passed" testListId="8c84fa94-04c1-424b-9868-57a2d4851a1d" relativeResultsDirectory="4991fb82-2783-46d6-abfb-a00c3e3852d1">
    </UnitTestResult>
    <UnitTestResult executionId="dcb086a2-9ea9-4a05-b50f-2887b7e16be0" testId="2da0da56-edcd-1076-a340-0dc90ca1d00a" testName="TestFloat" computerName="PC127" duration="00:00:00.0001991" startTime="2013-07-01T15:07:02.8895149+06:00" endTime="2013-07-01T15:07:02.9115161+06:00" testType="13cdc9d9-ddb5-4fa4-a97d-d965ccfc6d4b" outcome="Passed" testListId="8c84fa94-04c1-424b-9868-57a2d4851a1d" relativeResultsDirectory="dcb086a2-9ea9-4a05-b50f-2887b7e16be0">
    </UnitTestResult>
    <UnitTestResult executionId="88865cfa-dedc-4168-8662-94219f513a4e" testId="4d211943-eeb5-052a-2994-2a3ea4e7421c" testName="DoubleTest" computerName="PC127" duration="00:00:00.0006251" startTime="2013-07-01T15:07:02.9375176+06:00" endTime="2013-07-01T15:07:02.9625190+06:00" testType="13cdc9d9-ddb5-4fa4-a97d-d965ccfc6d4b" outcome="Passed" testListId="8c84fa94-04c1-424b-9868-57a2d4851a1d" relativeResultsDirectory="88865cfa-dedc-4168-8662-94219f513a4e">
    </UnitTestResult>
    <UnitTestResult executionId="ae6b4227-c045-467f-9c44-d0ae1adfb694" testId="55f46a5a-cae9-d6e1-8f67-e8271f72213a" testName="doubleTest" computerName="PC127" duration="00:00:00.0004882" startTime="2013-07-01T15:07:02.9965210+06:00" endTime="2013-07-01T15:07:03.0195223+06:00" testType="13cdc9d9-ddb5-4fa4-a97d-d965ccfc6d4b" outcome="Passed" testListId="8c84fa94-04c1-424b-9868-57a2d4851a1d" relativeResultsDirectory="ae6b4227-c045-467f-9c44-d0ae1adfb694">
    </UnitTestResult>
    <UnitTestResult executionId="18229978-99a9-4cb0-8356-0df7ca9bd7d1" testId="8c874cdf-5c70-2c1b-54b3-d6e3235222b0" testName="Testdooble" computerName="PC127" duration="00:00:00.0006429" startTime="2013-07-01T15:07:03.0485240+06:00" endTime="2013-07-01T15:07:03.0705252+06:00" testType="13cdc9d9-ddb5-4fa4-a97d-d965ccfc6d4b" outcome="Passed" testListId="8c84fa94-04c1-424b-9868-57a2d4851a1d" relativeResultsDirectory="18229978-99a9-4cb0-8356-0df7ca9bd7d1">
    </UnitTestResult>
    <UnitTestResult executionId="b427ce27-6ecd-4903-b4f0-9c51b9a15b70" testId="a76ef35d-fdf0-f6cc-0e27-623b73fc6140" testName="TestDouble" computerName="PC127" duration="00:00:00.0001964" startTime="2013-07-01T15:07:03.0975268+06:00" endTime="2013-07-01T15:07:03.1185280+06:00" testType="13cdc9d9-ddb5-4fa4-a97d-d965ccfc6d4b" outcome="Passed" testListId="8c84fa94-04c1-424b-9868-57a2d4851a1d" relativeResultsDirectory="b427ce27-6ecd-4903-b4f0-9c51b9a15b70">
    </UnitTestResult>
    <UnitTestResult executionId="d5a795b9-457b-4a2f-9cfa-a410813cf09c" testId="bbe9b431-e740-0447-28f5-5e07af1a265f" testName="TestDooble" computerName="PC127" duration="00:00:00.0002022" startTime="2013-07-01T15:07:03.1395292+06:00" endTime="2013-07-01T15:07:03.1785314+06:00" testType="13cdc9d9-ddb5-4fa4-a97d-d965ccfc6d4b" outcome="Passed" testListId="8c84fa94-04c1-424b-9868-57a2d4851a1d" relativeResultsDirectory="d5a795b9-457b-4a2f-9cfa-a410813cf09c">
    </UnitTestResult>
  </Results>
</TestRun>