<?xml version="1.0" encoding="UTF-8"?>
<TestRun id="85d977dd-e681-49a2-97a4-c76e5e79d583" name="Admin@PC127 2013-07-01 13:44:53" runUser="pc127\Admin" xmlns="http://microsoft.com/schemas/VisualStudio/TeamTest/2010">
  <TestSettings name="Локальные" id="0307d9ab-2183-4378-b68a-427592b18606">
    <Description>Это - параметры по умолчанию для локального тестового запуска.</Description>
    <Deployment enabled="false" runDeploymentRoot="Admin_PC127 2013-07-01 13_44_53">
      <DeploymentItem filename="C:\Users\Admin\Documents\GitHub\Calculate\graphrez\bin\Debug\graphrez.exe" />
    </Deployment>
    <Execution>
      <TestTypeSpecific />
      <AgentRule name="Execution Agents">
      </AgentRule>
    </Execution>
  </TestSettings>
  <Times creation="2013-07-01T13:44:53.3068711+07:00" queuing="2013-07-01T13:44:58.7091801+07:00" start="2013-07-01T13:44:58.9871960+07:00" finish="2013-07-01T13:45:00.8573030+07:00" />
  <ResultSummary outcome="Completed">
    <Counters total="1" executed="1" passed="1" error="0" failed="0" timeout="0" aborted="0" inconclusive="0" passedButRunAborted="0" notRunnable="0" notExecuted="0" disconnected="0" warning="0" completed="0" inProgress="0" pending="0" />
  </ResultSummary>
  <TestDefinitions>
    <UnitTest name="TestInt" storage="c:\users\admin\documents\github\calculate\testggraphrez\bin\debug\testggraphrez.dll" id="0f70d6ea-7738-8637-9d27-ab965169dc37">
      <Execution id="75431720-ea04-4311-9e6f-649076f847b7" />
      <TestMethod codeBase="C:/Users/Admin/Documents/GitHub/Calculate/TestgGraphrez/bin/Debug/TestgGraphrez.DLL" adapterTypeName="Microsoft.VisualStudio.TestTools.TestTypes.Unit.UnitTestAdapter, Microsoft.VisualStudio.QualityTools.Tips.UnitTest.Adapter, Version=10.0.0.0, Culture=neutral, PublicKeyToken=b03f5f7f11d50a3a" className="TestgGraphrez.ExpTest, TestgGraphrez, Version=1.0.0.0, Culture=neutral, PublicKeyToken=null" name="TestInt" />
    </UnitTest>
  </TestDefinitions>
  <TestLists>
    <TestList name="Отсутствующие в списке результаты" id="8c84fa94-04c1-424b-9868-57a2d4851a1d" />
    <TestList name="Все загруженные результаты" id="19431567-8539-422a-85d7-44ee4e166bda" />
  </TestLists>
  <TestEntries>
    <TestEntry testId="0f70d6ea-7738-8637-9d27-ab965169dc37" executionId="75431720-ea04-4311-9e6f-649076f847b7" testListId="8c84fa94-04c1-424b-9868-57a2d4851a1d" />
  </TestEntries>
  <Results>
    <UnitTestResult executionId="75431720-ea04-4311-9e6f-649076f847b7" testId="0f70d6ea-7738-8637-9d27-ab965169dc37" testName="TestInt" computerName="PC127" duration="00:00:00.0254548" startTime="2013-07-01T13:44:59.1702065+07:00" endTime="2013-07-01T13:45:00.3422735+07:00" testType="13cdc9d9-ddb5-4fa4-a97d-d965ccfc6d4b" outcome="Passed" testListId="8c84fa94-04c1-424b-9868-57a2d4851a1d" relativeResultsDirectory="75431720-ea04-4311-9e6f-649076f847b7">
    </UnitTestResult>
  </Results>
</TestRun>