<?xml version="1.0" encoding="UTF-8"?>
<TestRun id="792a747e-7678-4b96-ab68-3ece79cbde6a" name="Admin@PC127 2013-07-01 12:56:19" runUser="pc127\Admin" xmlns="http://microsoft.com/schemas/VisualStudio/TeamTest/2010">
  <TestSettings name="Локальные" id="0307d9ab-2183-4378-b68a-427592b18606">
    <Description>Это - параметры по умолчанию для локального тестового запуска.</Description>
    <Deployment enabled="false" runDeploymentRoot="Admin_PC127 2013-07-01 12_56_19" />
    <Execution>
      <TestTypeSpecific />
      <AgentRule name="Execution Agents">
      </AgentRule>
    </Execution>
  </TestSettings>
  <Times creation="2013-07-01T12:56:19.1141888+07:00" queuing="2013-07-01T12:56:19.1291897+07:00" start="2013-07-01T12:56:19.1821927+07:00" finish="2013-07-01T12:56:19.7902275+07:00" />
  <ResultSummary outcome="Completed">
    <Counters total="2" executed="2" passed="2" error="0" failed="0" timeout="0" aborted="0" inconclusive="0" passedButRunAborted="0" notRunnable="0" notExecuted="0" disconnected="0" warning="0" completed="0" inProgress="0" pending="0" />
  </ResultSummary>
  <TestDefinitions>
    <UnitTest name="TestMethod1" storage="c:\users\admin\documents\github\calculate\testggraphrez\bin\debug\testggraphrez.dll" id="35ad0d10-4ca8-282d-6b17-32c220db3721">
      <Execution id="5058eb98-21ac-4d0d-8e9f-1115424ad011" />
      <TestMethod codeBase="C:/Users/Admin/Documents/GitHub/Calculate/TestgGraphrez/bin/Debug/TestgGraphrez.DLL" adapterTypeName="Microsoft.VisualStudio.TestTools.TestTypes.Unit.UnitTestAdapter, Microsoft.VisualStudio.QualityTools.Tips.UnitTest.Adapter, Version=10.0.0.0, Culture=neutral, PublicKeyToken=b03f5f7f11d50a3a" className="TestgGraphrez.UnitTest1, TestgGraphrez, Version=1.0.0.0, Culture=neutral, PublicKeyToken=null" name="TestMethod1" />
    </UnitTest>
    <UnitTest name="TestMethod2" storage="c:\users\admin\documents\github\calculate\testggraphrez\bin\debug\testggraphrez.dll" id="b3a89354-f0e5-f6c8-4026-7b6284e53693">
      <Execution id="555896de-6daf-4009-a743-fc57491559fe" />
      <TestMethod codeBase="C:/Users/Admin/Documents/GitHub/Calculate/TestgGraphrez/bin/Debug/TestgGraphrez.DLL" adapterTypeName="Microsoft.VisualStudio.TestTools.TestTypes.Unit.UnitTestAdapter, Microsoft.VisualStudio.QualityTools.Tips.UnitTest.Adapter, Version=10.0.0.0, Culture=neutral, PublicKeyToken=b03f5f7f11d50a3a" className="TestgGraphrez.UnitTest1, TestgGraphrez, Version=1.0.0.0, Culture=neutral, PublicKeyToken=null" name="TestMethod2" />
    </UnitTest>
  </TestDefinitions>
  <TestLists>
    <TestList name="Отсутствующие в списке результаты" id="8c84fa94-04c1-424b-9868-57a2d4851a1d" />
    <TestList name="Все загруженные результаты" id="19431567-8539-422a-85d7-44ee4e166bda" />
  </TestLists>
  <TestEntries>
    <TestEntry testId="35ad0d10-4ca8-282d-6b17-32c220db3721" executionId="5058eb98-21ac-4d0d-8e9f-1115424ad011" testListId="8c84fa94-04c1-424b-9868-57a2d4851a1d" />
    <TestEntry testId="b3a89354-f0e5-f6c8-4026-7b6284e53693" executionId="555896de-6daf-4009-a743-fc57491559fe" testListId="8c84fa94-04c1-424b-9868-57a2d4851a1d" />
  </TestEntries>
  <Results>
    <UnitTestResult executionId="5058eb98-21ac-4d0d-8e9f-1115424ad011" testId="35ad0d10-4ca8-282d-6b17-32c220db3721" testName="TestMethod1" computerName="PC127" duration="00:00:00.0107771" startTime="2013-07-01T12:56:19.3302012+07:00" endTime="2013-07-01T12:56:19.5962164+07:00" testType="13cdc9d9-ddb5-4fa4-a97d-d965ccfc6d4b" outcome="Passed" testListId="8c84fa94-04c1-424b-9868-57a2d4851a1d" relativeResultsDirectory="5058eb98-21ac-4d0d-8e9f-1115424ad011">
    </UnitTestResult>
    <UnitTestResult executionId="555896de-6daf-4009-a743-fc57491559fe" testId="b3a89354-f0e5-f6c8-4026-7b6284e53693" testName="TestMethod2" computerName="PC127" duration="00:00:00.0383192" startTime="2013-07-01T12:56:19.6462193+07:00" endTime="2013-07-01T12:56:19.7152232+07:00" testType="13cdc9d9-ddb5-4fa4-a97d-d965ccfc6d4b" outcome="Passed" testListId="8c84fa94-04c1-424b-9868-57a2d4851a1d" relativeResultsDirectory="555896de-6daf-4009-a743-fc57491559fe">
    </UnitTestResult>
  </Results>
</TestRun>