<?xml version="1.0" encoding="UTF-8"?>
<TestRun id="6acde035-ed43-4dc6-a7a3-fb1f31488e16" name="Admin@PC127 2013-07-01 14:27:21" runUser="pc127\Admin" xmlns="http://microsoft.com/schemas/VisualStudio/TeamTest/2010">
  <TestSettings name="Локальные" id="0307d9ab-2183-4378-b68a-427592b18606">
    <Description>Это - параметры по умолчанию для локального тестового запуска.</Description>
    <Deployment enabled="false" runDeploymentRoot="Admin_PC127 2013-07-01 14_27_21">
      <DeploymentItem filename="C:\Users\Admin\Documents\GitHub\Calculate\graphrez\bin\Debug\graphrez.exe" />
    </Deployment>
    <Execution>
      <TestTypeSpecific />
      <AgentRule name="Execution Agents">
      </AgentRule>
    </Execution>
  </TestSettings>
  <Times creation="2013-07-01T14:27:21.9706464+07:00" queuing="2013-07-01T14:27:24.7738067+07:00" start="2013-07-01T14:27:24.9878189+07:00" finish="2013-07-01T14:27:27.5019627+07:00" />
  <ResultSummary outcome="Completed">
    <Counters total="7" executed="7" passed="7" error="0" failed="0" timeout="0" aborted="0" inconclusive="0" passedButRunAborted="0" notRunnable="0" notExecuted="0" disconnected="0" warning="0" completed="0" inProgress="0" pending="0" />
  </ResultSummary>
  <TestDefinitions>
    <UnitTest name="TestDooble" storage="c:\users\admin\documents\github\calculate\testggraphrez\bin\debug\testggraphrez.dll" id="bbe9b431-e740-0447-28f5-5e07af1a265f">
      <Execution id="ae30dfc6-3f58-4873-a44f-a45fcbb5e491" />
      <TestMethod codeBase="C:/Users/Admin/Documents/GitHub/Calculate/TestgGraphrez/bin/Debug/TestgGraphrez.DLL" adapterTypeName="Microsoft.VisualStudio.TestTools.TestTypes.Unit.UnitTestAdapter, Microsoft.VisualStudio.QualityTools.Tips.UnitTest.Adapter, Version=10.0.0.0, Culture=neutral, PublicKeyToken=b03f5f7f11d50a3a" className="TestgGraphrez.AdditionTest, TestgGraphrez, Version=1.0.0.0, Culture=neutral, PublicKeyToken=null" name="TestDooble" />
    </UnitTest>
    <UnitTest name="TestInt" storage="c:\users\admin\documents\github\calculate\testggraphrez\bin\debug\testggraphrez.dll" id="04443e7f-f9b7-21a8-cf7e-0b125466d972">
      <Execution id="5b17474c-8245-4f4f-8b19-8413e3654499" />
      <TestMethod codeBase="C:/Users/Admin/Documents/GitHub/Calculate/TestgGraphrez/bin/Debug/TestgGraphrez.DLL" adapterTypeName="Microsoft.VisualStudio.TestTools.TestTypes.Unit.UnitTestAdapter, Microsoft.VisualStudio.QualityTools.Tips.UnitTest.Adapter, Version=10.0.0.0, Culture=neutral, PublicKeyToken=b03f5f7f11d50a3a" className="TestgGraphrez.AdditionTest, TestgGraphrez, Version=1.0.0.0, Culture=neutral, PublicKeyToken=null" name="TestInt" />
    </UnitTest>
    <UnitTest name="TestInt" storage="c:\users\admin\documents\github\calculate\testggraphrez\bin\debug\testggraphrez.dll" id="20fd104c-c5d0-78c6-4469-6f5fac7f20d2">
      <Execution id="40cfc2a1-184b-40ed-9576-cc7bfb708822" />
      <TestMethod codeBase="C:/Users/Admin/Documents/GitHub/Calculate/TestgGraphrez/bin/Debug/TestgGraphrez.DLL" adapterTypeName="Microsoft.VisualStudio.TestTools.TestTypes.Unit.UnitTestAdapter, Microsoft.VisualStudio.QualityTools.Tips.UnitTest.Adapter, Version=10.0.0.0, Culture=neutral, PublicKeyToken=b03f5f7f11d50a3a" className="TestgGraphrez.DivisionTest, TestgGraphrez, Version=1.0.0.0, Culture=neutral, PublicKeyToken=null" name="TestInt" />
    </UnitTest>
    <UnitTest name="Testdooble" storage="c:\users\admin\documents\github\calculate\testggraphrez\bin\debug\testggraphrez.dll" id="8c874cdf-5c70-2c1b-54b3-d6e3235222b0">
      <Execution id="3408131f-eaa2-4f2d-b2f9-6c7ee178e4f0" />
      <TestMethod codeBase="C:/Users/Admin/Documents/GitHub/Calculate/TestgGraphrez/bin/Debug/TestgGraphrez.DLL" adapterTypeName="Microsoft.VisualStudio.TestTools.TestTypes.Unit.UnitTestAdapter, Microsoft.VisualStudio.QualityTools.Tips.UnitTest.Adapter, Version=10.0.0.0, Culture=neutral, PublicKeyToken=b03f5f7f11d50a3a" className="TestgGraphrez.ExpTest, TestgGraphrez, Version=1.0.0.0, Culture=neutral, PublicKeyToken=null" name="Testdooble" />
    </UnitTest>
    <UnitTest name="TestFloat" storage="c:\users\admin\documents\github\calculate\testggraphrez\bin\debug\testggraphrez.dll" id="2da0da56-edcd-1076-a340-0dc90ca1d00a">
      <Execution id="8305387e-0cdd-4e75-ba31-94547f5d82ae" />
      <TestMethod codeBase="C:/Users/Admin/Documents/GitHub/Calculate/TestgGraphrez/bin/Debug/TestgGraphrez.DLL" adapterTypeName="Microsoft.VisualStudio.TestTools.TestTypes.Unit.UnitTestAdapter, Microsoft.VisualStudio.QualityTools.Tips.UnitTest.Adapter, Version=10.0.0.0, Culture=neutral, PublicKeyToken=b03f5f7f11d50a3a" className="TestgGraphrez.DivisionTest, TestgGraphrez, Version=1.0.0.0, Culture=neutral, PublicKeyToken=null" name="TestFloat" />
    </UnitTest>
    <UnitTest name="TestInt" storage="c:\users\admin\documents\github\calculate\testggraphrez\bin\debug\testggraphrez.dll" id="0a28b335-9118-2e90-fc31-af7a9e18fd90">
      <Execution id="6db66147-61d9-4315-a99d-806fca27c3aa" />
      <TestMethod codeBase="C:/Users/Admin/Documents/GitHub/Calculate/TestgGraphrez/bin/Debug/TestgGraphrez.DLL" adapterTypeName="Microsoft.VisualStudio.TestTools.TestTypes.Unit.UnitTestAdapter, Microsoft.VisualStudio.QualityTools.Tips.UnitTest.Adapter, Version=10.0.0.0, Culture=neutral, PublicKeyToken=b03f5f7f11d50a3a" className="TestgGraphrez.SubstractionTest, TestgGraphrez, Version=1.0.0.0, Culture=neutral, PublicKeyToken=null" name="TestInt" />
    </UnitTest>
    <UnitTest name="TestDouble" storage="c:\users\admin\documents\github\calculate\testggraphrez\bin\debug\testggraphrez.dll" id="a76ef35d-fdf0-f6cc-0e27-623b73fc6140">
      <Execution id="68451b42-9cd9-45ea-a0f8-4239f11a2fbf" />
      <TestMethod codeBase="C:/Users/Admin/Documents/GitHub/Calculate/TestgGraphrez/bin/Debug/TestgGraphrez.DLL" adapterTypeName="Microsoft.VisualStudio.TestTools.TestTypes.Unit.UnitTestAdapter, Microsoft.VisualStudio.QualityTools.Tips.UnitTest.Adapter, Version=10.0.0.0, Culture=neutral, PublicKeyToken=b03f5f7f11d50a3a" className="TestgGraphrez.SubstractionTest, TestgGraphrez, Version=1.0.0.0, Culture=neutral, PublicKeyToken=null" name="TestDouble" />
    </UnitTest>
  </TestDefinitions>
  <TestLists>
    <TestList name="Отсутствующие в списке результаты" id="8c84fa94-04c1-424b-9868-57a2d4851a1d" />
    <TestList name="Все загруженные результаты" id="19431567-8539-422a-85d7-44ee4e166bda" />
  </TestLists>
  <TestEntries>
    <TestEntry testId="04443e7f-f9b7-21a8-cf7e-0b125466d972" executionId="5b17474c-8245-4f4f-8b19-8413e3654499" testListId="8c84fa94-04c1-424b-9868-57a2d4851a1d" />
    <TestEntry testId="0a28b335-9118-2e90-fc31-af7a9e18fd90" executionId="6db66147-61d9-4315-a99d-806fca27c3aa" testListId="8c84fa94-04c1-424b-9868-57a2d4851a1d" />
    <TestEntry testId="20fd104c-c5d0-78c6-4469-6f5fac7f20d2" executionId="40cfc2a1-184b-40ed-9576-cc7bfb708822" testListId="8c84fa94-04c1-424b-9868-57a2d4851a1d" />
    <TestEntry testId="2da0da56-edcd-1076-a340-0dc90ca1d00a" executionId="8305387e-0cdd-4e75-ba31-94547f5d82ae" testListId="8c84fa94-04c1-424b-9868-57a2d4851a1d" />
    <TestEntry testId="8c874cdf-5c70-2c1b-54b3-d6e3235222b0" executionId="3408131f-eaa2-4f2d-b2f9-6c7ee178e4f0" testListId="8c84fa94-04c1-424b-9868-57a2d4851a1d" />
    <TestEntry testId="a76ef35d-fdf0-f6cc-0e27-623b73fc6140" executionId="68451b42-9cd9-45ea-a0f8-4239f11a2fbf" testListId="8c84fa94-04c1-424b-9868-57a2d4851a1d" />
    <TestEntry testId="bbe9b431-e740-0447-28f5-5e07af1a265f" executionId="ae30dfc6-3f58-4873-a44f-a45fcbb5e491" testListId="8c84fa94-04c1-424b-9868-57a2d4851a1d" />
  </TestEntries>
  <Results>
    <UnitTestResult executionId="5b17474c-8245-4f4f-8b19-8413e3654499" testId="04443e7f-f9b7-21a8-cf7e-0b125466d972" testName="TestInt" computerName="PC127" duration="00:00:00.0319337" startTime="2013-07-01T14:27:25.1958308+07:00" endTime="2013-07-01T14:27:26.6329130+07:00" testType="13cdc9d9-ddb5-4fa4-a97d-d965ccfc6d4b" outcome="Passed" testListId="8c84fa94-04c1-424b-9868-57a2d4851a1d" relativeResultsDirectory="5b17474c-8245-4f4f-8b19-8413e3654499">
    </UnitTestResult>
    <UnitTestResult executionId="6db66147-61d9-4315-a99d-806fca27c3aa" testId="0a28b335-9118-2e90-fc31-af7a9e18fd90" testName="TestInt" computerName="PC127" duration="00:00:00.0012144" startTime="2013-07-01T14:27:26.7009169+07:00" endTime="2013-07-01T14:27:26.7379190+07:00" testType="13cdc9d9-ddb5-4fa4-a97d-d965ccfc6d4b" outcome="Passed" testListId="8c84fa94-04c1-424b-9868-57a2d4851a1d" relativeResultsDirectory="6db66147-61d9-4315-a99d-806fca27c3aa">
    </UnitTestResult>
    <UnitTestResult executionId="40cfc2a1-184b-40ed-9576-cc7bfb708822" testId="20fd104c-c5d0-78c6-4469-6f5fac7f20d2" testName="TestInt" computerName="PC127" duration="00:00:00.0004835" startTime="2013-07-01T14:27:26.7879219+07:00" endTime="2013-07-01T14:27:26.8119233+07:00" testType="13cdc9d9-ddb5-4fa4-a97d-d965ccfc6d4b" outcome="Passed" testListId="8c84fa94-04c1-424b-9868-57a2d4851a1d" relativeResultsDirectory="40cfc2a1-184b-40ed-9576-cc7bfb708822">
    </UnitTestResult>
    <UnitTestResult executionId="8305387e-0cdd-4e75-ba31-94547f5d82ae" testId="2da0da56-edcd-1076-a340-0dc90ca1d00a" testName="TestFloat" computerName="PC127" duration="00:00:00.0011042" startTime="2013-07-01T14:27:26.8499254+07:00" endTime="2013-07-01T14:27:26.8769270+07:00" testType="13cdc9d9-ddb5-4fa4-a97d-d965ccfc6d4b" outcome="Passed" testListId="8c84fa94-04c1-424b-9868-57a2d4851a1d" relativeResultsDirectory="8305387e-0cdd-4e75-ba31-94547f5d82ae">
    </UnitTestResult>
    <UnitTestResult executionId="3408131f-eaa2-4f2d-b2f9-6c7ee178e4f0" testId="8c874cdf-5c70-2c1b-54b3-d6e3235222b0" testName="Testdooble" computerName="PC127" duration="00:00:00.0005772" startTime="2013-07-01T14:27:26.9179293+07:00" endTime="2013-07-01T14:27:26.9449309+07:00" testType="13cdc9d9-ddb5-4fa4-a97d-d965ccfc6d4b" outcome="Passed" testListId="8c84fa94-04c1-424b-9868-57a2d4851a1d" relativeResultsDirectory="3408131f-eaa2-4f2d-b2f9-6c7ee178e4f0">
    </UnitTestResult>
    <UnitTestResult executionId="68451b42-9cd9-45ea-a0f8-4239f11a2fbf" testId="a76ef35d-fdf0-f6cc-0e27-623b73fc6140" testName="TestDouble" computerName="PC127" duration="00:00:00.0002025" startTime="2013-07-01T14:27:26.9809329+07:00" endTime="2013-07-01T14:27:27.0089345+07:00" testType="13cdc9d9-ddb5-4fa4-a97d-d965ccfc6d4b" outcome="Passed" testListId="8c84fa94-04c1-424b-9868-57a2d4851a1d" relativeResultsDirectory="68451b42-9cd9-45ea-a0f8-4239f11a2fbf">
    </UnitTestResult>
    <UnitTestResult executionId="ae30dfc6-3f58-4873-a44f-a45fcbb5e491" testId="bbe9b431-e740-0447-28f5-5e07af1a265f" testName="TestDooble" computerName="PC127" duration="00:00:00.0001967" startTime="2013-07-01T14:27:27.0989397+07:00" endTime="2013-07-01T14:27:27.1279413+07:00" testType="13cdc9d9-ddb5-4fa4-a97d-d965ccfc6d4b" outcome="Passed" testListId="8c84fa94-04c1-424b-9868-57a2d4851a1d" relativeResultsDirectory="ae30dfc6-3f58-4873-a44f-a45fcbb5e491">
    </UnitTestResult>
  </Results>
</TestRun>