<?xml version="1.0" encoding="UTF-8"?>
<TestRun id="d318d4fc-bf7e-4b47-b6c7-e2cfffa816ce" name="Admin@PC127 2013-07-01 13:36:52" runUser="pc127\Admin" xmlns="http://microsoft.com/schemas/VisualStudio/TeamTest/2010">
  <TestSettings name="Локальные" id="0307d9ab-2183-4378-b68a-427592b18606">
    <Description>Это - параметры по умолчанию для локального тестового запуска.</Description>
    <Deployment enabled="false" runDeploymentRoot="Admin_PC127 2013-07-01 13_36_52">
      <DeploymentItem filename="C:\Users\Admin\Documents\GitHub\Calculate\graphrez\bin\Debug\graphrez.exe" />
    </Deployment>
    <Execution>
      <TestTypeSpecific />
      <AgentRule name="Execution Agents">
      </AgentRule>
    </Execution>
  </TestSettings>
  <Times creation="2013-07-01T13:36:52.6153771+07:00" queuing="2013-07-01T13:36:53.8174459+07:00" start="2013-07-01T13:36:54.0684603+07:00" finish="2013-07-01T13:36:55.7195547+07:00" />
  <ResultSummary outcome="Completed">
    <Counters total="3" executed="3" passed="3" error="0" failed="0" timeout="0" aborted="0" inconclusive="0" passedButRunAborted="0" notRunnable="0" notExecuted="0" disconnected="0" warning="0" completed="0" inProgress="0" pending="0" />
  </ResultSummary>
  <TestDefinitions>
    <UnitTest name="TestInt" storage="c:\users\admin\documents\github\calculate\testggraphrez\bin\debug\testggraphrez.dll" id="04443e7f-f9b7-21a8-cf7e-0b125466d972">
      <Execution id="603ac761-bc68-4cc4-b419-665d672aa9ff" />
      <TestMethod codeBase="C:/Users/Admin/Documents/GitHub/Calculate/TestgGraphrez/bin/Debug/TestgGraphrez.DLL" adapterTypeName="Microsoft.VisualStudio.TestTools.TestTypes.Unit.UnitTestAdapter, Microsoft.VisualStudio.QualityTools.Tips.UnitTest.Adapter, Version=10.0.0.0, Culture=neutral, PublicKeyToken=b03f5f7f11d50a3a" className="TestgGraphrez.AdditionTest, TestgGraphrez, Version=1.0.0.0, Culture=neutral, PublicKeyToken=null" name="TestInt" />
    </UnitTest>
    <UnitTest name="TestInt" storage="c:\users\admin\documents\github\calculate\testggraphrez\bin\debug\testggraphrez.dll" id="20fd104c-c5d0-78c6-4469-6f5fac7f20d2">
      <Execution id="fd0ab7fe-f0a4-458c-8d4d-efc9f202fec5" />
      <TestMethod codeBase="C:/Users/Admin/Documents/GitHub/Calculate/TestgGraphrez/bin/Debug/TestgGraphrez.DLL" adapterTypeName="Microsoft.VisualStudio.TestTools.TestTypes.Unit.UnitTestAdapter, Microsoft.VisualStudio.QualityTools.Tips.UnitTest.Adapter, Version=10.0.0.0, Culture=neutral, PublicKeyToken=b03f5f7f11d50a3a" className="TestgGraphrez.DivisionTest, TestgGraphrez, Version=1.0.0.0, Culture=neutral, PublicKeyToken=null" name="TestInt" />
    </UnitTest>
    <UnitTest name="TestDooble" storage="c:\users\admin\documents\github\calculate\testggraphrez\bin\debug\testggraphrez.dll" id="bbe9b431-e740-0447-28f5-5e07af1a265f">
      <Execution id="215e40fb-5224-42b5-ace4-11762f8dfefc" />
      <TestMethod codeBase="C:/Users/Admin/Documents/GitHub/Calculate/TestgGraphrez/bin/Debug/TestgGraphrez.DLL" adapterTypeName="Microsoft.VisualStudio.TestTools.TestTypes.Unit.UnitTestAdapter, Microsoft.VisualStudio.QualityTools.Tips.UnitTest.Adapter, Version=10.0.0.0, Culture=neutral, PublicKeyToken=b03f5f7f11d50a3a" className="TestgGraphrez.AdditionTest, TestgGraphrez, Version=1.0.0.0, Culture=neutral, PublicKeyToken=null" name="TestDooble" />
    </UnitTest>
  </TestDefinitions>
  <TestLists>
    <TestList name="Отсутствующие в списке результаты" id="8c84fa94-04c1-424b-9868-57a2d4851a1d" />
    <TestList name="Все загруженные результаты" id="19431567-8539-422a-85d7-44ee4e166bda" />
  </TestLists>
  <TestEntries>
    <TestEntry testId="04443e7f-f9b7-21a8-cf7e-0b125466d972" executionId="603ac761-bc68-4cc4-b419-665d672aa9ff" testListId="8c84fa94-04c1-424b-9868-57a2d4851a1d" />
    <TestEntry testId="20fd104c-c5d0-78c6-4469-6f5fac7f20d2" executionId="fd0ab7fe-f0a4-458c-8d4d-efc9f202fec5" testListId="8c84fa94-04c1-424b-9868-57a2d4851a1d" />
    <TestEntry testId="bbe9b431-e740-0447-28f5-5e07af1a265f" executionId="215e40fb-5224-42b5-ace4-11762f8dfefc" testListId="8c84fa94-04c1-424b-9868-57a2d4851a1d" />
  </TestEntries>
  <Results>
    <UnitTestResult executionId="603ac761-bc68-4cc4-b419-665d672aa9ff" testId="04443e7f-f9b7-21a8-cf7e-0b125466d972" testName="TestInt" computerName="PC127" duration="00:00:00.0341483" startTime="2013-07-01T13:36:54.2324696+07:00" endTime="2013-07-01T13:36:55.2355270+07:00" testType="13cdc9d9-ddb5-4fa4-a97d-d965ccfc6d4b" outcome="Passed" testListId="8c84fa94-04c1-424b-9868-57a2d4851a1d" relativeResultsDirectory="603ac761-bc68-4cc4-b419-665d672aa9ff">
    </UnitTestResult>
    <UnitTestResult executionId="fd0ab7fe-f0a4-458c-8d4d-efc9f202fec5" testId="20fd104c-c5d0-78c6-4469-6f5fac7f20d2" testName="TestInt" computerName="PC127" duration="00:00:00.0004811" startTime="2013-07-01T13:36:55.3015308+07:00" endTime="2013-07-01T13:36:55.3175317+07:00" testType="13cdc9d9-ddb5-4fa4-a97d-d965ccfc6d4b" outcome="Passed" testListId="8c84fa94-04c1-424b-9868-57a2d4851a1d" relativeResultsDirectory="fd0ab7fe-f0a4-458c-8d4d-efc9f202fec5">
    </UnitTestResult>
    <UnitTestResult executionId="215e40fb-5224-42b5-ace4-11762f8dfefc" testId="bbe9b431-e740-0447-28f5-5e07af1a265f" testName="TestDooble" computerName="PC127" duration="00:00:00.0002148" startTime="2013-07-01T13:36:55.3505336+07:00" endTime="2013-07-01T13:36:55.3785352+07:00" testType="13cdc9d9-ddb5-4fa4-a97d-d965ccfc6d4b" outcome="Passed" testListId="8c84fa94-04c1-424b-9868-57a2d4851a1d" relativeResultsDirectory="215e40fb-5224-42b5-ace4-11762f8dfefc">
    </UnitTestResult>
  </Results>
</TestRun>