<?xml version="1.0" encoding="UTF-8"?>
<TestRun id="1597ca4e-27f9-45ee-8fb6-525a0c25369e" name="Admin@PC127 2013-07-01 15:01:55" runUser="pc127\Admin" xmlns="http://microsoft.com/schemas/VisualStudio/TeamTest/2010">
  <TestSettings name="Локальные" id="0307d9ab-2183-4378-b68a-427592b18606">
    <Description>Это - параметры по умолчанию для локального тестового запуска.</Description>
    <Deployment enabled="false" runDeploymentRoot="Admin_PC127 2013-07-01 15_01_55">
      <DeploymentItem filename="C:\Users\Admin\Documents\GitHub\Calculate\graphrez\bin\Debug\graphrez.exe" />
    </Deployment>
    <Execution>
      <TestTypeSpecific />
      <AgentRule name="Execution Agents">
      </AgentRule>
    </Execution>
  </TestSettings>
  <Times creation="2013-07-01T15:01:55.7609481+06:00" queuing="2013-07-01T15:01:58.0040764+06:00" start="2013-07-01T15:01:58.1530849+06:00" finish="2013-07-01T15:01:59.9541880+06:00" />
  <ResultSummary outcome="Completed">
    <Counters total="1" executed="1" passed="1" error="0" failed="0" timeout="0" aborted="0" inconclusive="0" passedButRunAborted="0" notRunnable="0" notExecuted="0" disconnected="0" warning="0" completed="0" inProgress="0" pending="0" />
  </ResultSummary>
  <TestDefinitions>
    <UnitTest name="DoubleTest" storage="c:\users\admin\documents\github\calculate\testggraphrez\bin\debug\testggraphrez.dll" id="4d211943-eeb5-052a-2994-2a3ea4e7421c">
      <Execution id="6eb2b4b1-1da1-4355-a89e-13bb8d8df447" />
      <TestMethod codeBase="C:/Users/Admin/Documents/GitHub/Calculate/TestgGraphrez/bin/Debug/TestgGraphrez.DLL" adapterTypeName="Microsoft.VisualStudio.TestTools.TestTypes.Unit.UnitTestAdapter, Microsoft.VisualStudio.QualityTools.Tips.UnitTest.Adapter, Version=10.0.0.0, Culture=neutral, PublicKeyToken=b03f5f7f11d50a3a" className="TestgGraphrez.SinTest, TestgGraphrez, Version=1.0.0.0, Culture=neutral, PublicKeyToken=null" name="DoubleTest" />
    </UnitTest>
  </TestDefinitions>
  <TestLists>
    <TestList name="Отсутствующие в списке результаты" id="8c84fa94-04c1-424b-9868-57a2d4851a1d" />
    <TestList name="Все загруженные результаты" id="19431567-8539-422a-85d7-44ee4e166bda" />
  </TestLists>
  <TestEntries>
    <TestEntry testId="4d211943-eeb5-052a-2994-2a3ea4e7421c" executionId="6eb2b4b1-1da1-4355-a89e-13bb8d8df447" testListId="8c84fa94-04c1-424b-9868-57a2d4851a1d" />
  </TestEntries>
  <Results>
    <UnitTestResult executionId="6eb2b4b1-1da1-4355-a89e-13bb8d8df447" testId="4d211943-eeb5-052a-2994-2a3ea4e7421c" testName="DoubleTest" computerName="PC127" duration="00:00:00.0231840" startTime="2013-07-01T15:01:58.5021049+06:00" endTime="2013-07-01T15:01:59.7291751+06:00" testType="13cdc9d9-ddb5-4fa4-a97d-d965ccfc6d4b" outcome="Passed" testListId="8c84fa94-04c1-424b-9868-57a2d4851a1d" relativeResultsDirectory="6eb2b4b1-1da1-4355-a89e-13bb8d8df447">
    </UnitTestResult>
  </Results>
</TestRun>