<?xml version="1.0" encoding="UTF-8"?>
<TestRun id="6912732f-06be-45e9-934a-3addb5c3d06d" name="Александр@ALEXANDR 2013-07-01 20:51:34" runUser="ALEXANDR\Александр" xmlns="http://microsoft.com/schemas/VisualStudio/TeamTest/2010">
  <TestSettings name="Локальные" id="0307d9ab-2183-4378-b68a-427592b18606">
    <Description>Это - параметры по умолчанию для локального тестового запуска.</Description>
    <Deployment enabled="false" runDeploymentRoot="Александр_ALEXANDR 2013-07-01 20_51_34">
      <DeploymentItem filename="C:\Users\Александр\Documents\GitHub\Calculate\graphrez\bin\Debug\graphrez.exe" />
    </Deployment>
    <Execution>
      <TestTypeSpecific />
      <AgentRule name="Execution Agents">
      </AgentRule>
    </Execution>
  </TestSettings>
  <Times creation="2013-07-01T20:51:34.9434510+06:00" queuing="2013-07-01T20:51:35.0434567+06:00" start="2013-07-01T20:51:35.1424624+06:00" finish="2013-07-01T20:51:37.1065747+06:00" />
  <ResultSummary outcome="Completed">
    <Counters total="19" executed="19" passed="19" error="0" failed="0" timeout="0" aborted="0" inconclusive="0" passedButRunAborted="0" notRunnable="0" notExecuted="0" disconnected="0" warning="0" completed="0" inProgress="0" pending="0" />
  </ResultSummary>
  <TestDefinitions>
    <UnitTest name="TestInt" storage="c:\users\александр\documents\github\calculate\testggraphrez\bin\debug\testggraphrez.dll" id="04443e7f-f9b7-21a8-cf7e-0b125466d972">
      <Execution id="254882b3-f2d8-47b8-834f-1330e79d35f2" />
      <TestMethod codeBase="C:/Users/Александр/Documents/GitHub/Calculate/TestgGraphrez/bin/Debug/TestgGraphrez.DLL" adapterTypeName="Microsoft.VisualStudio.TestTools.TestTypes.Unit.UnitTestAdapter, Microsoft.VisualStudio.QualityTools.Tips.UnitTest.Adapter, Version=10.0.0.0, Culture=neutral, PublicKeyToken=b03f5f7f11d50a3a" className="TestgGraphrez.AdditionTest, TestgGraphrez, Version=1.0.0.0, Culture=neutral, PublicKeyToken=null" name="TestInt" />
    </UnitTest>
    <UnitTest name="DoubleTest" storage="c:\users\александр\documents\github\calculate\testggraphrez\bin\debug\testggraphrez.dll" id="90a2db44-97d9-500b-573c-542932c97e50">
      <Execution id="e682af8f-8ea5-41d0-9348-7cf408bd0854" />
      <TestMethod codeBase="C:/Users/Александр/Documents/GitHub/Calculate/TestgGraphrez/bin/Debug/TestgGraphrez.DLL" adapterTypeName="Microsoft.VisualStudio.TestTools.TestTypes.Unit.UnitTestAdapter, Microsoft.VisualStudio.QualityTools.Tips.UnitTest.Adapter, Version=10.0.0.0, Culture=neutral, PublicKeyToken=b03f5f7f11d50a3a" className="TestgGraphrez.CosTest, TestgGraphrez, Version=1.0.0.0, Culture=neutral, PublicKeyToken=null" name="DoubleTest" />
    </UnitTest>
    <UnitTest name="TestInt" storage="c:\users\александр\documents\github\calculate\testggraphrez\bin\debug\testggraphrez.dll" id="b5fd0e53-900f-4e15-b75b-4439a1c204fe">
      <Execution id="05460fb7-d281-4f46-8fd2-b249f47596e2" />
      <TestMethod codeBase="C:/Users/Александр/Documents/GitHub/Calculate/TestgGraphrez/bin/Debug/TestgGraphrez.DLL" adapterTypeName="Microsoft.VisualStudio.TestTools.TestTypes.Unit.UnitTestAdapter, Microsoft.VisualStudio.QualityTools.Tips.UnitTest.Adapter, Version=10.0.0.0, Culture=neutral, PublicKeyToken=b03f5f7f11d50a3a" className="TestgGraphrez.Logarifm10Test, TestgGraphrez, Version=1.0.0.0, Culture=neutral, PublicKeyToken=null" name="TestInt" />
    </UnitTest>
    <UnitTest name="TestInt" storage="c:\users\александр\documents\github\calculate\testggraphrez\bin\debug\testggraphrez.dll" id="09635c2f-01be-8110-88f1-540c063de1a7">
      <Execution id="53d415b3-37ad-44ce-b9c2-2a8c8cdca714" />
      <TestMethod codeBase="C:/Users/Александр/Documents/GitHub/Calculate/TestgGraphrez/bin/Debug/TestgGraphrez.DLL" adapterTypeName="Microsoft.VisualStudio.TestTools.TestTypes.Unit.UnitTestAdapter, Microsoft.VisualStudio.QualityTools.Tips.UnitTest.Adapter, Version=10.0.0.0, Culture=neutral, PublicKeyToken=b03f5f7f11d50a3a" className="TestgGraphrez.FactorialTest, TestgGraphrez, Version=1.0.0.0, Culture=neutral, PublicKeyToken=null" name="TestInt" />
    </UnitTest>
    <UnitTest name="TestInt" storage="c:\users\александр\documents\github\calculate\testggraphrez\bin\debug\testggraphrez.dll" id="9ba4104d-6776-4fd7-c85b-0c0c2193a59a">
      <Execution id="37ba2491-718c-4aa0-ba14-03c16273f342" />
      <TestMethod codeBase="C:/Users/Александр/Documents/GitHub/Calculate/TestgGraphrez/bin/Debug/TestgGraphrez.DLL" adapterTypeName="Microsoft.VisualStudio.TestTools.TestTypes.Unit.UnitTestAdapter, Microsoft.VisualStudio.QualityTools.Tips.UnitTest.Adapter, Version=10.0.0.0, Culture=neutral, PublicKeyToken=b03f5f7f11d50a3a" className="TestgGraphrez.NaturalLogarifmTest, TestgGraphrez, Version=1.0.0.0, Culture=neutral, PublicKeyToken=null" name="TestInt" />
    </UnitTest>
    <UnitTest name="TestInt" storage="c:\users\александр\documents\github\calculate\testggraphrez\bin\debug\testggraphrez.dll" id="20fd104c-c5d0-78c6-4469-6f5fac7f20d2">
      <Execution id="385e6644-6077-43c1-8d3f-a78b986213ab" />
      <TestMethod codeBase="C:/Users/Александр/Documents/GitHub/Calculate/TestgGraphrez/bin/Debug/TestgGraphrez.DLL" adapterTypeName="Microsoft.VisualStudio.TestTools.TestTypes.Unit.UnitTestAdapter, Microsoft.VisualStudio.QualityTools.Tips.UnitTest.Adapter, Version=10.0.0.0, Culture=neutral, PublicKeyToken=b03f5f7f11d50a3a" className="TestgGraphrez.DivisionTest, TestgGraphrez, Version=1.0.0.0, Culture=neutral, PublicKeyToken=null" name="TestInt" />
    </UnitTest>
    <UnitTest name="DoubleTestTest" storage="c:\users\александр\documents\github\calculate\testggraphrez\bin\debug\testggraphrez.dll" id="d1237ce2-a25b-3127-4572-a28fb21bc84d">
      <Execution id="363a1c54-e97e-41c9-97ee-8c9991455e22" />
      <TestMethod codeBase="C:/Users/Александр/Documents/GitHub/Calculate/TestgGraphrez/bin/Debug/TestgGraphrez.DLL" adapterTypeName="Microsoft.VisualStudio.TestTools.TestTypes.Unit.UnitTestAdapter, Microsoft.VisualStudio.QualityTools.Tips.UnitTest.Adapter, Version=10.0.0.0, Culture=neutral, PublicKeyToken=b03f5f7f11d50a3a" className="TestgGraphrez.SinTest, TestgGraphrez, Version=1.0.0.0, Culture=neutral, PublicKeyToken=null" name="DoubleTestTest" />
    </UnitTest>
    <UnitTest name="TestInt" storage="c:\users\александр\documents\github\calculate\testggraphrez\bin\debug\testggraphrez.dll" id="8354419e-6c45-5fcf-3878-1a1904429f7a">
      <Execution id="1b855f96-92e0-4664-8d8a-6a39862930b7" />
      <TestMethod codeBase="C:/Users/Александр/Documents/GitHub/Calculate/TestgGraphrez/bin/Debug/TestgGraphrez.DLL" adapterTypeName="Microsoft.VisualStudio.TestTools.TestTypes.Unit.UnitTestAdapter, Microsoft.VisualStudio.QualityTools.Tips.UnitTest.Adapter, Version=10.0.0.0, Culture=neutral, PublicKeyToken=b03f5f7f11d50a3a" className="TestgGraphrez.LogyTest, TestgGraphrez, Version=1.0.0.0, Culture=neutral, PublicKeyToken=null" name="TestInt" />
    </UnitTest>
    <UnitTest name="TestInt" storage="c:\users\александр\documents\github\calculate\testggraphrez\bin\debug\testggraphrez.dll" id="0a28b335-9118-2e90-fc31-af7a9e18fd90">
      <Execution id="20f2e5a1-0357-4a37-86d1-5196bf0655aa" />
      <TestMethod codeBase="C:/Users/Александр/Documents/GitHub/Calculate/TestgGraphrez/bin/Debug/TestgGraphrez.DLL" adapterTypeName="Microsoft.VisualStudio.TestTools.TestTypes.Unit.UnitTestAdapter, Microsoft.VisualStudio.QualityTools.Tips.UnitTest.Adapter, Version=10.0.0.0, Culture=neutral, PublicKeyToken=b03f5f7f11d50a3a" className="TestgGraphrez.SubstractionTest, TestgGraphrez, Version=1.0.0.0, Culture=neutral, PublicKeyToken=null" name="TestInt" />
    </UnitTest>
    <UnitTest name="DoubleTest" storage="c:\users\александр\documents\github\calculate\testggraphrez\bin\debug\testggraphrez.dll" id="1e25855f-a24b-906b-3111-94da9146be20">
      <Execution id="a5afba1c-dd04-4378-9e53-6cd08e7a519d" />
      <TestMethod codeBase="C:/Users/Александр/Documents/GitHub/Calculate/TestgGraphrez/bin/Debug/TestgGraphrez.DLL" adapterTypeName="Microsoft.VisualStudio.TestTools.TestTypes.Unit.UnitTestAdapter, Microsoft.VisualStudio.QualityTools.Tips.UnitTest.Adapter, Version=10.0.0.0, Culture=neutral, PublicKeyToken=b03f5f7f11d50a3a" className="TestgGraphrez.TgTest, TestgGraphrez, Version=1.0.0.0, Culture=neutral, PublicKeyToken=null" name="DoubleTest" />
    </UnitTest>
    <UnitTest name="DoubleTest" storage="c:\users\александр\documents\github\calculate\testggraphrez\bin\debug\testggraphrez.dll" id="9fdd6906-f56b-1058-a071-524a82b7a8ee">
      <Execution id="aae2522d-5951-41eb-b119-fa50de1bc560" />
      <TestMethod codeBase="C:/Users/Александр/Documents/GitHub/Calculate/TestgGraphrez/bin/Debug/TestgGraphrez.DLL" adapterTypeName="Microsoft.VisualStudio.TestTools.TestTypes.Unit.UnitTestAdapter, Microsoft.VisualStudio.QualityTools.Tips.UnitTest.Adapter, Version=10.0.0.0, Culture=neutral, PublicKeyToken=b03f5f7f11d50a3a" className="TestgGraphrez.ACosTest, TestgGraphrez, Version=1.0.0.0, Culture=neutral, PublicKeyToken=null" name="DoubleTest" />
    </UnitTest>
    <UnitTest name="TestDooble" storage="c:\users\александр\documents\github\calculate\testggraphrez\bin\debug\testggraphrez.dll" id="bbe9b431-e740-0447-28f5-5e07af1a265f">
      <Execution id="6c52d95b-1303-4d53-8275-da6e1a8ae9b5" />
      <TestMethod codeBase="C:/Users/Александр/Documents/GitHub/Calculate/TestgGraphrez/bin/Debug/TestgGraphrez.DLL" adapterTypeName="Microsoft.VisualStudio.TestTools.TestTypes.Unit.UnitTestAdapter, Microsoft.VisualStudio.QualityTools.Tips.UnitTest.Adapter, Version=10.0.0.0, Culture=neutral, PublicKeyToken=b03f5f7f11d50a3a" className="TestgGraphrez.AdditionTest, TestgGraphrez, Version=1.0.0.0, Culture=neutral, PublicKeyToken=null" name="TestDooble" />
    </UnitTest>
    <UnitTest name="TestInt" storage="c:\users\александр\documents\github\calculate\testggraphrez\bin\debug\testggraphrez.dll" id="84a07e41-a0fd-da03-d6de-5dc8bbf0a4a7">
      <Execution id="997789d6-4893-4ec3-8023-1c1ddff9bac9" />
      <TestMethod codeBase="C:/Users/Александр/Documents/GitHub/Calculate/TestgGraphrez/bin/Debug/TestgGraphrez.DLL" adapterTypeName="Microsoft.VisualStudio.TestTools.TestTypes.Unit.UnitTestAdapter, Microsoft.VisualStudio.QualityTools.Tips.UnitTest.Adapter, Version=10.0.0.0, Culture=neutral, PublicKeyToken=b03f5f7f11d50a3a" className="TestgGraphrez.Loogarifm2Test, TestgGraphrez, Version=1.0.0.0, Culture=neutral, PublicKeyToken=null" name="TestInt" />
    </UnitTest>
    <UnitTest name="TestDouble" storage="c:\users\александр\documents\github\calculate\testggraphrez\bin\debug\testggraphrez.dll" id="a76ef35d-fdf0-f6cc-0e27-623b73fc6140">
      <Execution id="2862f050-cff7-4859-a1c2-5bcd9f805a44" />
      <TestMethod codeBase="C:/Users/Александр/Documents/GitHub/Calculate/TestgGraphrez/bin/Debug/TestgGraphrez.DLL" adapterTypeName="Microsoft.VisualStudio.TestTools.TestTypes.Unit.UnitTestAdapter, Microsoft.VisualStudio.QualityTools.Tips.UnitTest.Adapter, Version=10.0.0.0, Culture=neutral, PublicKeyToken=b03f5f7f11d50a3a" className="TestgGraphrez.SubstractionTest, TestgGraphrez, Version=1.0.0.0, Culture=neutral, PublicKeyToken=null" name="TestDouble" />
    </UnitTest>
    <UnitTest name="DoubleTest" storage="c:\users\александр\documents\github\calculate\testggraphrez\bin\debug\testggraphrez.dll" id="98ce690e-b2e5-8bf7-e2ee-6802bc700e1c">
      <Execution id="61137e1f-310c-4f0c-bbc1-bd55e5afb23b" />
      <TestMethod codeBase="C:/Users/Александр/Documents/GitHub/Calculate/TestgGraphrez/bin/Debug/TestgGraphrez.DLL" adapterTypeName="Microsoft.VisualStudio.TestTools.TestTypes.Unit.UnitTestAdapter, Microsoft.VisualStudio.QualityTools.Tips.UnitTest.Adapter, Version=10.0.0.0, Culture=neutral, PublicKeyToken=b03f5f7f11d50a3a" className="TestgGraphrez.AtgTest, TestgGraphrez, Version=1.0.0.0, Culture=neutral, PublicKeyToken=null" name="DoubleTest" />
    </UnitTest>
    <UnitTest name="TestDouble" storage="c:\users\александр\documents\github\calculate\testggraphrez\bin\debug\testggraphrez.dll" id="e81f30b4-104f-eacc-f336-6fe40962c615">
      <Execution id="56fe5332-04e1-4e48-8564-4bbd3dca013b" />
      <TestMethod codeBase="C:/Users/Александр/Documents/GitHub/Calculate/TestgGraphrez/bin/Debug/TestgGraphrez.DLL" adapterTypeName="Microsoft.VisualStudio.TestTools.TestTypes.Unit.UnitTestAdapter, Microsoft.VisualStudio.QualityTools.Tips.UnitTest.Adapter, Version=10.0.0.0, Culture=neutral, PublicKeyToken=b03f5f7f11d50a3a" className="TestgGraphrez.NaturalLogarifmTest, TestgGraphrez, Version=1.0.0.0, Culture=neutral, PublicKeyToken=null" name="TestDouble" />
    </UnitTest>
    <UnitTest name="TestFloat" storage="c:\users\александр\documents\github\calculate\testggraphrez\bin\debug\testggraphrez.dll" id="2da0da56-edcd-1076-a340-0dc90ca1d00a">
      <Execution id="c526b606-36f6-46eb-96c7-627fde49409b" />
      <TestMethod codeBase="C:/Users/Александр/Documents/GitHub/Calculate/TestgGraphrez/bin/Debug/TestgGraphrez.DLL" adapterTypeName="Microsoft.VisualStudio.TestTools.TestTypes.Unit.UnitTestAdapter, Microsoft.VisualStudio.QualityTools.Tips.UnitTest.Adapter, Version=10.0.0.0, Culture=neutral, PublicKeyToken=b03f5f7f11d50a3a" className="TestgGraphrez.DivisionTest, TestgGraphrez, Version=1.0.0.0, Culture=neutral, PublicKeyToken=null" name="TestFloat" />
    </UnitTest>
    <UnitTest name="Testdooble" storage="c:\users\александр\documents\github\calculate\testggraphrez\bin\debug\testggraphrez.dll" id="8c874cdf-5c70-2c1b-54b3-d6e3235222b0">
      <Execution id="861e0bb5-8bc1-4ecc-b9e6-acedd348fe58" />
      <TestMethod codeBase="C:/Users/Александр/Documents/GitHub/Calculate/TestgGraphrez/bin/Debug/TestgGraphrez.DLL" adapterTypeName="Microsoft.VisualStudio.TestTools.TestTypes.Unit.UnitTestAdapter, Microsoft.VisualStudio.QualityTools.Tips.UnitTest.Adapter, Version=10.0.0.0, Culture=neutral, PublicKeyToken=b03f5f7f11d50a3a" className="TestgGraphrez.ExpTest, TestgGraphrez, Version=1.0.0.0, Culture=neutral, PublicKeyToken=null" name="Testdooble" />
    </UnitTest>
    <UnitTest name="DoubleTest" storage="c:\users\александр\documents\github\calculate\testggraphrez\bin\debug\testggraphrez.dll" id="9b762fcf-dbcb-6bd7-966a-88357f11028f">
      <Execution id="20a07969-3ec4-4419-8806-fad92ebf5845" />
      <TestMethod codeBase="C:/Users/Александр/Documents/GitHub/Calculate/TestgGraphrez/bin/Debug/TestgGraphrez.DLL" adapterTypeName="Microsoft.VisualStudio.TestTools.TestTypes.Unit.UnitTestAdapter, Microsoft.VisualStudio.QualityTools.Tips.UnitTest.Adapter, Version=10.0.0.0, Culture=neutral, PublicKeyToken=b03f5f7f11d50a3a" className="TestgGraphrez.AsinTest, TestgGraphrez, Version=1.0.0.0, Culture=neutral, PublicKeyToken=null" name="DoubleTest" />
    </UnitTest>
  </TestDefinitions>
  <TestLists>
    <TestList name="Отсутствующие в списке результаты" id="8c84fa94-04c1-424b-9868-57a2d4851a1d" />
    <TestList name="Все загруженные результаты" id="19431567-8539-422a-85d7-44ee4e166bda" />
  </TestLists>
  <TestEntries>
    <TestEntry testId="04443e7f-f9b7-21a8-cf7e-0b125466d972" executionId="254882b3-f2d8-47b8-834f-1330e79d35f2" testListId="8c84fa94-04c1-424b-9868-57a2d4851a1d" />
    <TestEntry testId="09635c2f-01be-8110-88f1-540c063de1a7" executionId="53d415b3-37ad-44ce-b9c2-2a8c8cdca714" testListId="8c84fa94-04c1-424b-9868-57a2d4851a1d" />
    <TestEntry testId="0a28b335-9118-2e90-fc31-af7a9e18fd90" executionId="20f2e5a1-0357-4a37-86d1-5196bf0655aa" testListId="8c84fa94-04c1-424b-9868-57a2d4851a1d" />
    <TestEntry testId="1e25855f-a24b-906b-3111-94da9146be20" executionId="a5afba1c-dd04-4378-9e53-6cd08e7a519d" testListId="8c84fa94-04c1-424b-9868-57a2d4851a1d" />
    <TestEntry testId="20fd104c-c5d0-78c6-4469-6f5fac7f20d2" executionId="385e6644-6077-43c1-8d3f-a78b986213ab" testListId="8c84fa94-04c1-424b-9868-57a2d4851a1d" />
    <TestEntry testId="2da0da56-edcd-1076-a340-0dc90ca1d00a" executionId="c526b606-36f6-46eb-96c7-627fde49409b" testListId="8c84fa94-04c1-424b-9868-57a2d4851a1d" />
    <TestEntry testId="8354419e-6c45-5fcf-3878-1a1904429f7a" executionId="1b855f96-92e0-4664-8d8a-6a39862930b7" testListId="8c84fa94-04c1-424b-9868-57a2d4851a1d" />
    <TestEntry testId="84a07e41-a0fd-da03-d6de-5dc8bbf0a4a7" executionId="997789d6-4893-4ec3-8023-1c1ddff9bac9" testListId="8c84fa94-04c1-424b-9868-57a2d4851a1d" />
    <TestEntry testId="8c874cdf-5c70-2c1b-54b3-d6e3235222b0" executionId="861e0bb5-8bc1-4ecc-b9e6-acedd348fe58" testListId="8c84fa94-04c1-424b-9868-57a2d4851a1d" />
    <TestEntry testId="90a2db44-97d9-500b-573c-542932c97e50" executionId="e682af8f-8ea5-41d0-9348-7cf408bd0854" testListId="8c84fa94-04c1-424b-9868-57a2d4851a1d" />
    <TestEntry testId="98ce690e-b2e5-8bf7-e2ee-6802bc700e1c" executionId="61137e1f-310c-4f0c-bbc1-bd55e5afb23b" testListId="8c84fa94-04c1-424b-9868-57a2d4851a1d" />
    <TestEntry testId="9b762fcf-dbcb-6bd7-966a-88357f11028f" executionId="20a07969-3ec4-4419-8806-fad92ebf5845" testListId="8c84fa94-04c1-424b-9868-57a2d4851a1d" />
    <TestEntry testId="9ba4104d-6776-4fd7-c85b-0c0c2193a59a" executionId="37ba2491-718c-4aa0-ba14-03c16273f342" testListId="8c84fa94-04c1-424b-9868-57a2d4851a1d" />
    <TestEntry testId="9fdd6906-f56b-1058-a071-524a82b7a8ee" executionId="aae2522d-5951-41eb-b119-fa50de1bc560" testListId="8c84fa94-04c1-424b-9868-57a2d4851a1d" />
    <TestEntry testId="a76ef35d-fdf0-f6cc-0e27-623b73fc6140" executionId="2862f050-cff7-4859-a1c2-5bcd9f805a44" testListId="8c84fa94-04c1-424b-9868-57a2d4851a1d" />
    <TestEntry testId="b5fd0e53-900f-4e15-b75b-4439a1c204fe" executionId="05460fb7-d281-4f46-8fd2-b249f47596e2" testListId="8c84fa94-04c1-424b-9868-57a2d4851a1d" />
    <TestEntry testId="bbe9b431-e740-0447-28f5-5e07af1a265f" executionId="6c52d95b-1303-4d53-8275-da6e1a8ae9b5" testListId="8c84fa94-04c1-424b-9868-57a2d4851a1d" />
    <TestEntry testId="d1237ce2-a25b-3127-4572-a28fb21bc84d" executionId="363a1c54-e97e-41c9-97ee-8c9991455e22" testListId="8c84fa94-04c1-424b-9868-57a2d4851a1d" />
    <TestEntry testId="e81f30b4-104f-eacc-f336-6fe40962c615" executionId="56fe5332-04e1-4e48-8564-4bbd3dca013b" testListId="8c84fa94-04c1-424b-9868-57a2d4851a1d" />
  </TestEntries>
  <Results>
    <UnitTestResult executionId="254882b3-f2d8-47b8-834f-1330e79d35f2" testId="04443e7f-f9b7-21a8-cf7e-0b125466d972" testName="TestInt" computerName="ALEXANDR" duration="00:00:00.0815265" startTime="2013-07-01T20:51:35.2454682+06:00" endTime="2013-07-01T20:51:36.1265186+06:00" testType="13cdc9d9-ddb5-4fa4-a97d-d965ccfc6d4b" outcome="Passed" testListId="8c84fa94-04c1-424b-9868-57a2d4851a1d" relativeResultsDirectory="254882b3-f2d8-47b8-834f-1330e79d35f2">
    </UnitTestResult>
    <UnitTestResult executionId="53d415b3-37ad-44ce-b9c2-2a8c8cdca714" testId="09635c2f-01be-8110-88f1-540c063de1a7" testName="TestInt" computerName="ALEXANDR" duration="00:00:00.0016862" startTime="2013-07-01T20:51:36.1405194+06:00" endTime="2013-07-01T20:51:36.1755214+06:00" testType="13cdc9d9-ddb5-4fa4-a97d-d965ccfc6d4b" outcome="Passed" testListId="8c84fa94-04c1-424b-9868-57a2d4851a1d" relativeResultsDirectory="53d415b3-37ad-44ce-b9c2-2a8c8cdca714">
    </UnitTestResult>
    <UnitTestResult executionId="20f2e5a1-0357-4a37-86d1-5196bf0655aa" testId="0a28b335-9118-2e90-fc31-af7a9e18fd90" testName="TestInt" computerName="ALEXANDR" duration="00:00:00.0018757" startTime="2013-07-01T20:51:36.1935225+06:00" endTime="2013-07-01T20:51:36.2135236+06:00" testType="13cdc9d9-ddb5-4fa4-a97d-d965ccfc6d4b" outcome="Passed" testListId="8c84fa94-04c1-424b-9868-57a2d4851a1d" relativeResultsDirectory="20f2e5a1-0357-4a37-86d1-5196bf0655aa">
    </UnitTestResult>
    <UnitTestResult executionId="a5afba1c-dd04-4378-9e53-6cd08e7a519d" testId="1e25855f-a24b-906b-3111-94da9146be20" testName="DoubleTest" computerName="ALEXANDR" duration="00:00:00.0022550" startTime="2013-07-01T20:51:36.2265244+06:00" endTime="2013-07-01T20:51:36.2515258+06:00" testType="13cdc9d9-ddb5-4fa4-a97d-d965ccfc6d4b" outcome="Passed" testListId="8c84fa94-04c1-424b-9868-57a2d4851a1d" relativeResultsDirectory="a5afba1c-dd04-4378-9e53-6cd08e7a519d">
    </UnitTestResult>
    <UnitTestResult executionId="385e6644-6077-43c1-8d3f-a78b986213ab" testId="20fd104c-c5d0-78c6-4469-6f5fac7f20d2" testName="TestInt" computerName="ALEXANDR" duration="00:00:00.0023569" startTime="2013-07-01T20:51:36.2725270+06:00" endTime="2013-07-01T20:51:36.2995285+06:00" testType="13cdc9d9-ddb5-4fa4-a97d-d965ccfc6d4b" outcome="Passed" testListId="8c84fa94-04c1-424b-9868-57a2d4851a1d" relativeResultsDirectory="385e6644-6077-43c1-8d3f-a78b986213ab">
    </UnitTestResult>
    <UnitTestResult executionId="c526b606-36f6-46eb-96c7-627fde49409b" testId="2da0da56-edcd-1076-a340-0dc90ca1d00a" testName="TestFloat" computerName="ALEXANDR" duration="00:00:00.0005752" startTime="2013-07-01T20:51:36.3095291+06:00" endTime="2013-07-01T20:51:36.3315304+06:00" testType="13cdc9d9-ddb5-4fa4-a97d-d965ccfc6d4b" outcome="Passed" testListId="8c84fa94-04c1-424b-9868-57a2d4851a1d" relativeResultsDirectory="c526b606-36f6-46eb-96c7-627fde49409b">
    </UnitTestResult>
    <UnitTestResult executionId="1b855f96-92e0-4664-8d8a-6a39862930b7" testId="8354419e-6c45-5fcf-3878-1a1904429f7a" testName="TestInt" computerName="ALEXANDR" duration="00:00:00.0024872" startTime="2013-07-01T20:51:36.3425310+06:00" endTime="2013-07-01T20:51:36.3665324+06:00" testType="13cdc9d9-ddb5-4fa4-a97d-d965ccfc6d4b" outcome="Passed" testListId="8c84fa94-04c1-424b-9868-57a2d4851a1d" relativeResultsDirectory="1b855f96-92e0-4664-8d8a-6a39862930b7">
    </UnitTestResult>
    <UnitTestResult executionId="997789d6-4893-4ec3-8023-1c1ddff9bac9" testId="84a07e41-a0fd-da03-d6de-5dc8bbf0a4a7" testName="TestInt" computerName="ALEXANDR" duration="00:00:00.0014540" startTime="2013-07-01T20:51:36.3775330+06:00" endTime="2013-07-01T20:51:36.4335362+06:00" testType="13cdc9d9-ddb5-4fa4-a97d-d965ccfc6d4b" outcome="Passed" testListId="8c84fa94-04c1-424b-9868-57a2d4851a1d" relativeResultsDirectory="997789d6-4893-4ec3-8023-1c1ddff9bac9">
    </UnitTestResult>
    <UnitTestResult executionId="861e0bb5-8bc1-4ecc-b9e6-acedd348fe58" testId="8c874cdf-5c70-2c1b-54b3-d6e3235222b0" testName="Testdooble" computerName="ALEXANDR" duration="00:00:00.0851299" startTime="2013-07-01T20:51:36.4875393+06:00" endTime="2013-07-01T20:51:36.6255472+06:00" testType="13cdc9d9-ddb5-4fa4-a97d-d965ccfc6d4b" outcome="Passed" testListId="8c84fa94-04c1-424b-9868-57a2d4851a1d" relativeResultsDirectory="861e0bb5-8bc1-4ecc-b9e6-acedd348fe58">
    </UnitTestResult>
    <UnitTestResult executionId="e682af8f-8ea5-41d0-9348-7cf408bd0854" testId="90a2db44-97d9-500b-573c-542932c97e50" testName="DoubleTest" computerName="ALEXANDR" duration="00:00:00.0028754" startTime="2013-07-01T20:51:36.6405480+06:00" endTime="2013-07-01T20:51:36.6615492+06:00" testType="13cdc9d9-ddb5-4fa4-a97d-d965ccfc6d4b" outcome="Passed" testListId="8c84fa94-04c1-424b-9868-57a2d4851a1d" relativeResultsDirectory="e682af8f-8ea5-41d0-9348-7cf408bd0854">
    </UnitTestResult>
    <UnitTestResult executionId="61137e1f-310c-4f0c-bbc1-bd55e5afb23b" testId="98ce690e-b2e5-8bf7-e2ee-6802bc700e1c" testName="DoubleTest" computerName="ALEXANDR" duration="00:00:00.0015317" startTime="2013-07-01T20:51:36.6895508+06:00" endTime="2013-07-01T20:51:36.7165524+06:00" testType="13cdc9d9-ddb5-4fa4-a97d-d965ccfc6d4b" outcome="Passed" testListId="8c84fa94-04c1-424b-9868-57a2d4851a1d" relativeResultsDirectory="61137e1f-310c-4f0c-bbc1-bd55e5afb23b">
    </UnitTestResult>
    <UnitTestResult executionId="20a07969-3ec4-4419-8806-fad92ebf5845" testId="9b762fcf-dbcb-6bd7-966a-88357f11028f" testName="DoubleTest" computerName="ALEXANDR" duration="00:00:00.0027712" startTime="2013-07-01T20:51:36.7425539+06:00" endTime="2013-07-01T20:51:36.7725556+06:00" testType="13cdc9d9-ddb5-4fa4-a97d-d965ccfc6d4b" outcome="Passed" testListId="8c84fa94-04c1-424b-9868-57a2d4851a1d" relativeResultsDirectory="20a07969-3ec4-4419-8806-fad92ebf5845">
    </UnitTestResult>
    <UnitTestResult executionId="37ba2491-718c-4aa0-ba14-03c16273f342" testId="9ba4104d-6776-4fd7-c85b-0c0c2193a59a" testName="TestInt" computerName="ALEXANDR" duration="00:00:00.0039580" startTime="2013-07-01T20:51:36.7925567+06:00" endTime="2013-07-01T20:51:36.8225585+06:00" testType="13cdc9d9-ddb5-4fa4-a97d-d965ccfc6d4b" outcome="Passed" testListId="8c84fa94-04c1-424b-9868-57a2d4851a1d" relativeResultsDirectory="37ba2491-718c-4aa0-ba14-03c16273f342">
    </UnitTestResult>
    <UnitTestResult executionId="aae2522d-5951-41eb-b119-fa50de1bc560" testId="9fdd6906-f56b-1058-a071-524a82b7a8ee" testName="DoubleTest" computerName="ALEXANDR" duration="00:00:00.0023658" startTime="2013-07-01T20:51:36.8395594+06:00" endTime="2013-07-01T20:51:36.8685611+06:00" testType="13cdc9d9-ddb5-4fa4-a97d-d965ccfc6d4b" outcome="Passed" testListId="8c84fa94-04c1-424b-9868-57a2d4851a1d" relativeResultsDirectory="aae2522d-5951-41eb-b119-fa50de1bc560">
    </UnitTestResult>
    <UnitTestResult executionId="2862f050-cff7-4859-a1c2-5bcd9f805a44" testId="a76ef35d-fdf0-f6cc-0e27-623b73fc6140" testName="TestDouble" computerName="ALEXANDR" duration="00:00:00.0008000" startTime="2013-07-01T20:51:36.8825619+06:00" endTime="2013-07-01T20:51:36.9005629+06:00" testType="13cdc9d9-ddb5-4fa4-a97d-d965ccfc6d4b" outcome="Passed" testListId="8c84fa94-04c1-424b-9868-57a2d4851a1d" relativeResultsDirectory="2862f050-cff7-4859-a1c2-5bcd9f805a44">
    </UnitTestResult>
    <UnitTestResult executionId="05460fb7-d281-4f46-8fd2-b249f47596e2" testId="b5fd0e53-900f-4e15-b75b-4439a1c204fe" testName="TestInt" computerName="ALEXANDR" duration="00:00:00.0012827" startTime="2013-07-01T20:51:36.9105635+06:00" endTime="2013-07-01T20:51:36.9315647+06:00" testType="13cdc9d9-ddb5-4fa4-a97d-d965ccfc6d4b" outcome="Passed" testListId="8c84fa94-04c1-424b-9868-57a2d4851a1d" relativeResultsDirectory="05460fb7-d281-4f46-8fd2-b249f47596e2">
    </UnitTestResult>
    <UnitTestResult executionId="6c52d95b-1303-4d53-8275-da6e1a8ae9b5" testId="bbe9b431-e740-0447-28f5-5e07af1a265f" testName="TestDooble" computerName="ALEXANDR" duration="00:00:00.0011086" startTime="2013-07-01T20:51:36.9485657+06:00" endTime="2013-07-01T20:51:36.9725670+06:00" testType="13cdc9d9-ddb5-4fa4-a97d-d965ccfc6d4b" outcome="Passed" testListId="8c84fa94-04c1-424b-9868-57a2d4851a1d" relativeResultsDirectory="6c52d95b-1303-4d53-8275-da6e1a8ae9b5">
    </UnitTestResult>
    <UnitTestResult executionId="363a1c54-e97e-41c9-97ee-8c9991455e22" testId="d1237ce2-a25b-3127-4572-a28fb21bc84d" testName="DoubleTestTest" computerName="ALEXANDR" duration="00:00:00.0089796" startTime="2013-07-01T20:51:36.9895680+06:00" endTime="2013-07-01T20:51:37.0125693+06:00" testType="13cdc9d9-ddb5-4fa4-a97d-d965ccfc6d4b" outcome="Passed" testListId="8c84fa94-04c1-424b-9868-57a2d4851a1d" relativeResultsDirectory="363a1c54-e97e-41c9-97ee-8c9991455e22">
    </UnitTestResult>
    <UnitTestResult executionId="56fe5332-04e1-4e48-8564-4bbd3dca013b" testId="e81f30b4-104f-eacc-f336-6fe40962c615" testName="TestDouble" computerName="ALEXANDR" duration="00:00:00.0005622" startTime="2013-07-01T20:51:37.0305704+06:00" endTime="2013-07-01T20:51:37.0525716+06:00" testType="13cdc9d9-ddb5-4fa4-a97d-d965ccfc6d4b" outcome="Passed" testListId="8c84fa94-04c1-424b-9868-57a2d4851a1d" relativeResultsDirectory="56fe5332-04e1-4e48-8564-4bbd3dca013b">
    </UnitTestResult>
  </Results>
</TestRun>