<?xml version="1.0" encoding="UTF-8"?>
<TestRun id="1d0bf45d-5f97-48f8-b67a-a1c0d1003908" name="Александр@ALEXANDR 2013-07-01 20:31:28" runUser="ALEXANDR\Александр" xmlns="http://microsoft.com/schemas/VisualStudio/TeamTest/2010">
  <TestSettings name="Локальные" id="0307d9ab-2183-4378-b68a-427592b18606">
    <Description>Это - параметры по умолчанию для локального тестового запуска.</Description>
    <Deployment enabled="false" runDeploymentRoot="Александр_ALEXANDR 2013-07-01 20_31_28">
      <DeploymentItem filename="C:\Users\Александр\Documents\GitHub\Calculate\graphrez\bin\Debug\graphrez.exe" />
    </Deployment>
    <Execution>
      <TestTypeSpecific />
      <AgentRule name="Execution Agents">
      </AgentRule>
    </Execution>
  </TestSettings>
  <Times creation="2013-07-01T20:31:28.1694274+06:00" queuing="2013-07-01T20:31:28.1894286+06:00" start="2013-07-01T20:31:28.2034294+06:00" finish="2013-07-01T20:31:28.5914516+06:00" />
  <ResultSummary outcome="Completed">
    <Counters total="1" executed="1" passed="1" error="0" failed="0" timeout="0" aborted="0" inconclusive="0" passedButRunAborted="0" notRunnable="0" notExecuted="0" disconnected="0" warning="0" completed="0" inProgress="0" pending="0" />
  </ResultSummary>
  <TestDefinitions>
    <UnitTest name="DoubleTest" storage="c:\users\александр\documents\github\calculate\testggraphrez\bin\debug\testggraphrez.dll" id="9fdd6906-f56b-1058-a071-524a82b7a8ee">
      <Execution id="04af6620-7ba2-4199-bf0a-704d487f0ac7" />
      <TestMethod codeBase="C:/Users/Александр/Documents/GitHub/Calculate/TestgGraphrez/bin/Debug/TestgGraphrez.DLL" adapterTypeName="Microsoft.VisualStudio.TestTools.TestTypes.Unit.UnitTestAdapter, Microsoft.VisualStudio.QualityTools.Tips.UnitTest.Adapter, Version=10.0.0.0, Culture=neutral, PublicKeyToken=b03f5f7f11d50a3a" className="TestgGraphrez.ACosTest, TestgGraphrez, Version=1.0.0.0, Culture=neutral, PublicKeyToken=null" name="DoubleTest" />
    </UnitTest>
  </TestDefinitions>
  <TestLists>
    <TestList name="Отсутствующие в списке результаты" id="8c84fa94-04c1-424b-9868-57a2d4851a1d" />
    <TestList name="Все загруженные результаты" id="19431567-8539-422a-85d7-44ee4e166bda" />
  </TestLists>
  <TestEntries>
    <TestEntry testId="9fdd6906-f56b-1058-a071-524a82b7a8ee" executionId="04af6620-7ba2-4199-bf0a-704d487f0ac7" testListId="8c84fa94-04c1-424b-9868-57a2d4851a1d" />
  </TestEntries>
  <Results>
    <UnitTestResult executionId="04af6620-7ba2-4199-bf0a-704d487f0ac7" testId="9fdd6906-f56b-1058-a071-524a82b7a8ee" testName="DoubleTest" computerName="ALEXANDR" duration="00:00:00.0210545" startTime="2013-07-01T20:31:28.2174302+06:00" endTime="2013-07-01T20:31:28.5184474+06:00" testType="13cdc9d9-ddb5-4fa4-a97d-d965ccfc6d4b" outcome="Passed" testListId="8c84fa94-04c1-424b-9868-57a2d4851a1d" relativeResultsDirectory="04af6620-7ba2-4199-bf0a-704d487f0ac7">
    </UnitTestResult>
  </Results>
</TestRun>