<?xml version="1.0" encoding="UTF-8"?>
<TestRun id="a0e210a1-3d99-495f-b901-ba8ec154cd36" name="Александр@ALEXANDR 2013-07-01 20:28:25" runUser="ALEXANDR\Александр" xmlns="http://microsoft.com/schemas/VisualStudio/TeamTest/2010">
  <TestSettings name="Локальные" id="0307d9ab-2183-4378-b68a-427592b18606">
    <Description>Это - параметры по умолчанию для локального тестового запуска.</Description>
    <Deployment enabled="false" runDeploymentRoot="Александр_ALEXANDR 2013-07-01 20_28_25">
      <DeploymentItem filename="C:\Users\Александр\Documents\GitHub\Calculate\graphrez\bin\Debug\graphrez.exe" />
    </Deployment>
    <Execution>
      <TestTypeSpecific />
      <AgentRule name="Execution Agents">
      </AgentRule>
    </Execution>
  </TestSettings>
  <Times creation="2013-07-01T20:28:25.1709605+06:00" queuing="2013-07-01T20:28:25.2079627+06:00" start="2013-07-01T20:28:25.2279638+06:00" finish="2013-07-01T20:28:25.8309983+06:00" />
  <ResultSummary outcome="Completed">
    <Counters total="15" executed="15" passed="15" error="0" failed="0" timeout="0" aborted="0" inconclusive="0" passedButRunAborted="0" notRunnable="0" notExecuted="0" disconnected="0" warning="0" completed="0" inProgress="0" pending="0" />
  </ResultSummary>
  <TestDefinitions>
    <UnitTest name="TestInt" storage="c:\users\александр\documents\github\calculate\testggraphrez\bin\debug\testggraphrez.dll" id="04443e7f-f9b7-21a8-cf7e-0b125466d972">
      <Execution id="704e5ba5-0991-4602-bb10-c7f827be8867" />
      <TestMethod codeBase="C:/Users/Александр/Documents/GitHub/Calculate/TestgGraphrez/bin/Debug/TestgGraphrez.DLL" adapterTypeName="Microsoft.VisualStudio.TestTools.TestTypes.Unit.UnitTestAdapter, Microsoft.VisualStudio.QualityTools.Tips.UnitTest.Adapter, Version=10.0.0.0, Culture=neutral, PublicKeyToken=b03f5f7f11d50a3a" className="TestgGraphrez.AdditionTest, TestgGraphrez, Version=1.0.0.0, Culture=neutral, PublicKeyToken=null" name="TestInt" />
    </UnitTest>
    <UnitTest name="TestInt" storage="c:\users\александр\documents\github\calculate\testggraphrez\bin\debug\testggraphrez.dll" id="b5fd0e53-900f-4e15-b75b-4439a1c204fe">
      <Execution id="8514b4bf-8ab3-4ba6-8e1d-95cecc847729" />
      <TestMethod codeBase="C:/Users/Александр/Documents/GitHub/Calculate/TestgGraphrez/bin/Debug/TestgGraphrez.DLL" adapterTypeName="Microsoft.VisualStudio.TestTools.TestTypes.Unit.UnitTestAdapter, Microsoft.VisualStudio.QualityTools.Tips.UnitTest.Adapter, Version=10.0.0.0, Culture=neutral, PublicKeyToken=b03f5f7f11d50a3a" className="TestgGraphrez.Logarifm10Test, TestgGraphrez, Version=1.0.0.0, Culture=neutral, PublicKeyToken=null" name="TestInt" />
    </UnitTest>
    <UnitTest name="TestInt" storage="c:\users\александр\documents\github\calculate\testggraphrez\bin\debug\testggraphrez.dll" id="09635c2f-01be-8110-88f1-540c063de1a7">
      <Execution id="8317fae7-dcf1-48b3-a64d-65a3d6960005" />
      <TestMethod codeBase="C:/Users/Александр/Documents/GitHub/Calculate/TestgGraphrez/bin/Debug/TestgGraphrez.DLL" adapterTypeName="Microsoft.VisualStudio.TestTools.TestTypes.Unit.UnitTestAdapter, Microsoft.VisualStudio.QualityTools.Tips.UnitTest.Adapter, Version=10.0.0.0, Culture=neutral, PublicKeyToken=b03f5f7f11d50a3a" className="TestgGraphrez.FactorialTest, TestgGraphrez, Version=1.0.0.0, Culture=neutral, PublicKeyToken=null" name="TestInt" />
    </UnitTest>
    <UnitTest name="TestInt" storage="c:\users\александр\documents\github\calculate\testggraphrez\bin\debug\testggraphrez.dll" id="9ba4104d-6776-4fd7-c85b-0c0c2193a59a">
      <Execution id="09999789-28e4-449c-9d04-c23829c8b2b5" />
      <TestMethod codeBase="C:/Users/Александр/Documents/GitHub/Calculate/TestgGraphrez/bin/Debug/TestgGraphrez.DLL" adapterTypeName="Microsoft.VisualStudio.TestTools.TestTypes.Unit.UnitTestAdapter, Microsoft.VisualStudio.QualityTools.Tips.UnitTest.Adapter, Version=10.0.0.0, Culture=neutral, PublicKeyToken=b03f5f7f11d50a3a" className="TestgGraphrez.NaturalLogarifmTest, TestgGraphrez, Version=1.0.0.0, Culture=neutral, PublicKeyToken=null" name="TestInt" />
    </UnitTest>
    <UnitTest name="TestInt" storage="c:\users\александр\documents\github\calculate\testggraphrez\bin\debug\testggraphrez.dll" id="20fd104c-c5d0-78c6-4469-6f5fac7f20d2">
      <Execution id="a70eb1cb-59a6-49f8-965f-f033d3cc87a5" />
      <TestMethod codeBase="C:/Users/Александр/Documents/GitHub/Calculate/TestgGraphrez/bin/Debug/TestgGraphrez.DLL" adapterTypeName="Microsoft.VisualStudio.TestTools.TestTypes.Unit.UnitTestAdapter, Microsoft.VisualStudio.QualityTools.Tips.UnitTest.Adapter, Version=10.0.0.0, Culture=neutral, PublicKeyToken=b03f5f7f11d50a3a" className="TestgGraphrez.DivisionTest, TestgGraphrez, Version=1.0.0.0, Culture=neutral, PublicKeyToken=null" name="TestInt" />
    </UnitTest>
    <UnitTest name="DoubleTestTest" storage="c:\users\александр\documents\github\calculate\testggraphrez\bin\debug\testggraphrez.dll" id="d1237ce2-a25b-3127-4572-a28fb21bc84d">
      <Execution id="b1470881-a13f-4c07-a205-3bc9dc2f1cec" />
      <TestMethod codeBase="C:/Users/Александр/Documents/GitHub/Calculate/TestgGraphrez/bin/Debug/TestgGraphrez.DLL" adapterTypeName="Microsoft.VisualStudio.TestTools.TestTypes.Unit.UnitTestAdapter, Microsoft.VisualStudio.QualityTools.Tips.UnitTest.Adapter, Version=10.0.0.0, Culture=neutral, PublicKeyToken=b03f5f7f11d50a3a" className="TestgGraphrez.SinTest, TestgGraphrez, Version=1.0.0.0, Culture=neutral, PublicKeyToken=null" name="DoubleTestTest" />
    </UnitTest>
    <UnitTest name="TestInt" storage="c:\users\александр\documents\github\calculate\testggraphrez\bin\debug\testggraphrez.dll" id="8354419e-6c45-5fcf-3878-1a1904429f7a">
      <Execution id="e360c2a1-7289-4f5c-85fe-7d59c9d0e2ca" />
      <TestMethod codeBase="C:/Users/Александр/Documents/GitHub/Calculate/TestgGraphrez/bin/Debug/TestgGraphrez.DLL" adapterTypeName="Microsoft.VisualStudio.TestTools.TestTypes.Unit.UnitTestAdapter, Microsoft.VisualStudio.QualityTools.Tips.UnitTest.Adapter, Version=10.0.0.0, Culture=neutral, PublicKeyToken=b03f5f7f11d50a3a" className="TestgGraphrez.LogyTest, TestgGraphrez, Version=1.0.0.0, Culture=neutral, PublicKeyToken=null" name="TestInt" />
    </UnitTest>
    <UnitTest name="TestInt" storage="c:\users\александр\documents\github\calculate\testggraphrez\bin\debug\testggraphrez.dll" id="0a28b335-9118-2e90-fc31-af7a9e18fd90">
      <Execution id="f2dd7534-9a90-4b34-a579-023d60dae89f" />
      <TestMethod codeBase="C:/Users/Александр/Documents/GitHub/Calculate/TestgGraphrez/bin/Debug/TestgGraphrez.DLL" adapterTypeName="Microsoft.VisualStudio.TestTools.TestTypes.Unit.UnitTestAdapter, Microsoft.VisualStudio.QualityTools.Tips.UnitTest.Adapter, Version=10.0.0.0, Culture=neutral, PublicKeyToken=b03f5f7f11d50a3a" className="TestgGraphrez.SubstractionTest, TestgGraphrez, Version=1.0.0.0, Culture=neutral, PublicKeyToken=null" name="TestInt" />
    </UnitTest>
    <UnitTest name="TestDouble" storage="c:\users\александр\documents\github\calculate\testggraphrez\bin\debug\testggraphrez.dll" id="a76ef35d-fdf0-f6cc-0e27-623b73fc6140">
      <Execution id="7e2f5d5d-3961-4c68-a1e5-658aad714c2c" />
      <TestMethod codeBase="C:/Users/Александр/Documents/GitHub/Calculate/TestgGraphrez/bin/Debug/TestgGraphrez.DLL" adapterTypeName="Microsoft.VisualStudio.TestTools.TestTypes.Unit.UnitTestAdapter, Microsoft.VisualStudio.QualityTools.Tips.UnitTest.Adapter, Version=10.0.0.0, Culture=neutral, PublicKeyToken=b03f5f7f11d50a3a" className="TestgGraphrez.SubstractionTest, TestgGraphrez, Version=1.0.0.0, Culture=neutral, PublicKeyToken=null" name="TestDouble" />
    </UnitTest>
    <UnitTest name="TestDooble" storage="c:\users\александр\documents\github\calculate\testggraphrez\bin\debug\testggraphrez.dll" id="bbe9b431-e740-0447-28f5-5e07af1a265f">
      <Execution id="a5eb9554-6791-4c47-af65-8222ae465336" />
      <TestMethod codeBase="C:/Users/Александр/Documents/GitHub/Calculate/TestgGraphrez/bin/Debug/TestgGraphrez.DLL" adapterTypeName="Microsoft.VisualStudio.TestTools.TestTypes.Unit.UnitTestAdapter, Microsoft.VisualStudio.QualityTools.Tips.UnitTest.Adapter, Version=10.0.0.0, Culture=neutral, PublicKeyToken=b03f5f7f11d50a3a" className="TestgGraphrez.AdditionTest, TestgGraphrez, Version=1.0.0.0, Culture=neutral, PublicKeyToken=null" name="TestDooble" />
    </UnitTest>
    <UnitTest name="TestInt" storage="c:\users\александр\documents\github\calculate\testggraphrez\bin\debug\testggraphrez.dll" id="84a07e41-a0fd-da03-d6de-5dc8bbf0a4a7">
      <Execution id="69245cfa-dc9a-472b-8b6d-ce6a6ce1dddb" />
      <TestMethod codeBase="C:/Users/Александр/Documents/GitHub/Calculate/TestgGraphrez/bin/Debug/TestgGraphrez.DLL" adapterTypeName="Microsoft.VisualStudio.TestTools.TestTypes.Unit.UnitTestAdapter, Microsoft.VisualStudio.QualityTools.Tips.UnitTest.Adapter, Version=10.0.0.0, Culture=neutral, PublicKeyToken=b03f5f7f11d50a3a" className="TestgGraphrez.Loogarifm2Test, TestgGraphrez, Version=1.0.0.0, Culture=neutral, PublicKeyToken=null" name="TestInt" />
    </UnitTest>
    <UnitTest name="TestDouble" storage="c:\users\александр\documents\github\calculate\testggraphrez\bin\debug\testggraphrez.dll" id="e81f30b4-104f-eacc-f336-6fe40962c615">
      <Execution id="0593d98f-3483-4225-8c02-baa627d98cd4" />
      <TestMethod codeBase="C:/Users/Александр/Documents/GitHub/Calculate/TestgGraphrez/bin/Debug/TestgGraphrez.DLL" adapterTypeName="Microsoft.VisualStudio.TestTools.TestTypes.Unit.UnitTestAdapter, Microsoft.VisualStudio.QualityTools.Tips.UnitTest.Adapter, Version=10.0.0.0, Culture=neutral, PublicKeyToken=b03f5f7f11d50a3a" className="TestgGraphrez.NaturalLogarifmTest, TestgGraphrez, Version=1.0.0.0, Culture=neutral, PublicKeyToken=null" name="TestDouble" />
    </UnitTest>
    <UnitTest name="TestFloat" storage="c:\users\александр\documents\github\calculate\testggraphrez\bin\debug\testggraphrez.dll" id="2da0da56-edcd-1076-a340-0dc90ca1d00a">
      <Execution id="c4914027-824f-40bd-82de-9101cd0b0bba" />
      <TestMethod codeBase="C:/Users/Александр/Documents/GitHub/Calculate/TestgGraphrez/bin/Debug/TestgGraphrez.DLL" adapterTypeName="Microsoft.VisualStudio.TestTools.TestTypes.Unit.UnitTestAdapter, Microsoft.VisualStudio.QualityTools.Tips.UnitTest.Adapter, Version=10.0.0.0, Culture=neutral, PublicKeyToken=b03f5f7f11d50a3a" className="TestgGraphrez.DivisionTest, TestgGraphrez, Version=1.0.0.0, Culture=neutral, PublicKeyToken=null" name="TestFloat" />
    </UnitTest>
    <UnitTest name="Testdooble" storage="c:\users\александр\documents\github\calculate\testggraphrez\bin\debug\testggraphrez.dll" id="8c874cdf-5c70-2c1b-54b3-d6e3235222b0">
      <Execution id="0fdb08fa-5d81-4dac-8277-5f00ba311445" />
      <TestMethod codeBase="C:/Users/Александр/Documents/GitHub/Calculate/TestgGraphrez/bin/Debug/TestgGraphrez.DLL" adapterTypeName="Microsoft.VisualStudio.TestTools.TestTypes.Unit.UnitTestAdapter, Microsoft.VisualStudio.QualityTools.Tips.UnitTest.Adapter, Version=10.0.0.0, Culture=neutral, PublicKeyToken=b03f5f7f11d50a3a" className="TestgGraphrez.ExpTest, TestgGraphrez, Version=1.0.0.0, Culture=neutral, PublicKeyToken=null" name="Testdooble" />
    </UnitTest>
    <UnitTest name="DoubleTest" storage="c:\users\александр\documents\github\calculate\testggraphrez\bin\debug\testggraphrez.dll" id="9b762fcf-dbcb-6bd7-966a-88357f11028f">
      <Execution id="79f1a82b-cee1-4548-b940-97150db1a7b9" />
      <TestMethod codeBase="C:/Users/Александр/Documents/GitHub/Calculate/TestgGraphrez/bin/Debug/TestgGraphrez.DLL" adapterTypeName="Microsoft.VisualStudio.TestTools.TestTypes.Unit.UnitTestAdapter, Microsoft.VisualStudio.QualityTools.Tips.UnitTest.Adapter, Version=10.0.0.0, Culture=neutral, PublicKeyToken=b03f5f7f11d50a3a" className="TestgGraphrez.AsinTest, TestgGraphrez, Version=1.0.0.0, Culture=neutral, PublicKeyToken=null" name="DoubleTest" />
    </UnitTest>
  </TestDefinitions>
  <TestLists>
    <TestList name="Отсутствующие в списке результаты" id="8c84fa94-04c1-424b-9868-57a2d4851a1d" />
    <TestList name="Все загруженные результаты" id="19431567-8539-422a-85d7-44ee4e166bda" />
  </TestLists>
  <TestEntries>
    <TestEntry testId="04443e7f-f9b7-21a8-cf7e-0b125466d972" executionId="704e5ba5-0991-4602-bb10-c7f827be8867" testListId="8c84fa94-04c1-424b-9868-57a2d4851a1d" />
    <TestEntry testId="09635c2f-01be-8110-88f1-540c063de1a7" executionId="8317fae7-dcf1-48b3-a64d-65a3d6960005" testListId="8c84fa94-04c1-424b-9868-57a2d4851a1d" />
    <TestEntry testId="0a28b335-9118-2e90-fc31-af7a9e18fd90" executionId="f2dd7534-9a90-4b34-a579-023d60dae89f" testListId="8c84fa94-04c1-424b-9868-57a2d4851a1d" />
    <TestEntry testId="20fd104c-c5d0-78c6-4469-6f5fac7f20d2" executionId="a70eb1cb-59a6-49f8-965f-f033d3cc87a5" testListId="8c84fa94-04c1-424b-9868-57a2d4851a1d" />
    <TestEntry testId="2da0da56-edcd-1076-a340-0dc90ca1d00a" executionId="c4914027-824f-40bd-82de-9101cd0b0bba" testListId="8c84fa94-04c1-424b-9868-57a2d4851a1d" />
    <TestEntry testId="8354419e-6c45-5fcf-3878-1a1904429f7a" executionId="e360c2a1-7289-4f5c-85fe-7d59c9d0e2ca" testListId="8c84fa94-04c1-424b-9868-57a2d4851a1d" />
    <TestEntry testId="84a07e41-a0fd-da03-d6de-5dc8bbf0a4a7" executionId="69245cfa-dc9a-472b-8b6d-ce6a6ce1dddb" testListId="8c84fa94-04c1-424b-9868-57a2d4851a1d" />
    <TestEntry testId="8c874cdf-5c70-2c1b-54b3-d6e3235222b0" executionId="0fdb08fa-5d81-4dac-8277-5f00ba311445" testListId="8c84fa94-04c1-424b-9868-57a2d4851a1d" />
    <TestEntry testId="9b762fcf-dbcb-6bd7-966a-88357f11028f" executionId="79f1a82b-cee1-4548-b940-97150db1a7b9" testListId="8c84fa94-04c1-424b-9868-57a2d4851a1d" />
    <TestEntry testId="9ba4104d-6776-4fd7-c85b-0c0c2193a59a" executionId="09999789-28e4-449c-9d04-c23829c8b2b5" testListId="8c84fa94-04c1-424b-9868-57a2d4851a1d" />
    <TestEntry testId="a76ef35d-fdf0-f6cc-0e27-623b73fc6140" executionId="7e2f5d5d-3961-4c68-a1e5-658aad714c2c" testListId="8c84fa94-04c1-424b-9868-57a2d4851a1d" />
    <TestEntry testId="b5fd0e53-900f-4e15-b75b-4439a1c204fe" executionId="8514b4bf-8ab3-4ba6-8e1d-95cecc847729" testListId="8c84fa94-04c1-424b-9868-57a2d4851a1d" />
    <TestEntry testId="bbe9b431-e740-0447-28f5-5e07af1a265f" executionId="a5eb9554-6791-4c47-af65-8222ae465336" testListId="8c84fa94-04c1-424b-9868-57a2d4851a1d" />
    <TestEntry testId="d1237ce2-a25b-3127-4572-a28fb21bc84d" executionId="b1470881-a13f-4c07-a205-3bc9dc2f1cec" testListId="8c84fa94-04c1-424b-9868-57a2d4851a1d" />
    <TestEntry testId="e81f30b4-104f-eacc-f336-6fe40962c615" executionId="0593d98f-3483-4225-8c02-baa627d98cd4" testListId="8c84fa94-04c1-424b-9868-57a2d4851a1d" />
  </TestEntries>
  <Results>
    <UnitTestResult executionId="704e5ba5-0991-4602-bb10-c7f827be8867" testId="04443e7f-f9b7-21a8-cf7e-0b125466d972" testName="TestInt" computerName="ALEXANDR" duration="00:00:00.0350386" startTime="2013-07-01T20:28:25.2449648+06:00" endTime="2013-07-01T20:28:25.6259866+06:00" testType="13cdc9d9-ddb5-4fa4-a97d-d965ccfc6d4b" outcome="Passed" testListId="8c84fa94-04c1-424b-9868-57a2d4851a1d" relativeResultsDirectory="704e5ba5-0991-4602-bb10-c7f827be8867">
    </UnitTestResult>
    <UnitTestResult executionId="8317fae7-dcf1-48b3-a64d-65a3d6960005" testId="09635c2f-01be-8110-88f1-540c063de1a7" testName="TestInt" computerName="ALEXANDR" duration="00:00:00.0017756" startTime="2013-07-01T20:28:25.6339870+06:00" endTime="2013-07-01T20:28:25.6429875+06:00" testType="13cdc9d9-ddb5-4fa4-a97d-d965ccfc6d4b" outcome="Passed" testListId="8c84fa94-04c1-424b-9868-57a2d4851a1d" relativeResultsDirectory="8317fae7-dcf1-48b3-a64d-65a3d6960005">
    </UnitTestResult>
    <UnitTestResult executionId="f2dd7534-9a90-4b34-a579-023d60dae89f" testId="0a28b335-9118-2e90-fc31-af7a9e18fd90" testName="TestInt" computerName="ALEXANDR" duration="00:00:00.0005478" startTime="2013-07-01T20:28:25.6479878+06:00" endTime="2013-07-01T20:28:25.6549882+06:00" testType="13cdc9d9-ddb5-4fa4-a97d-d965ccfc6d4b" outcome="Passed" testListId="8c84fa94-04c1-424b-9868-57a2d4851a1d" relativeResultsDirectory="f2dd7534-9a90-4b34-a579-023d60dae89f">
    </UnitTestResult>
    <UnitTestResult executionId="a70eb1cb-59a6-49f8-965f-f033d3cc87a5" testId="20fd104c-c5d0-78c6-4469-6f5fac7f20d2" testName="TestInt" computerName="ALEXANDR" duration="00:00:00.0007265" startTime="2013-07-01T20:28:25.6589884+06:00" endTime="2013-07-01T20:28:25.6669889+06:00" testType="13cdc9d9-ddb5-4fa4-a97d-d965ccfc6d4b" outcome="Passed" testListId="8c84fa94-04c1-424b-9868-57a2d4851a1d" relativeResultsDirectory="a70eb1cb-59a6-49f8-965f-f033d3cc87a5">
    </UnitTestResult>
    <UnitTestResult executionId="c4914027-824f-40bd-82de-9101cd0b0bba" testId="2da0da56-edcd-1076-a340-0dc90ca1d00a" testName="TestFloat" computerName="ALEXANDR" duration="00:00:00.0002992" startTime="2013-07-01T20:28:25.6709891+06:00" endTime="2013-07-01T20:28:25.6779895+06:00" testType="13cdc9d9-ddb5-4fa4-a97d-d965ccfc6d4b" outcome="Passed" testListId="8c84fa94-04c1-424b-9868-57a2d4851a1d" relativeResultsDirectory="c4914027-824f-40bd-82de-9101cd0b0bba">
    </UnitTestResult>
    <UnitTestResult executionId="e360c2a1-7289-4f5c-85fe-7d59c9d0e2ca" testId="8354419e-6c45-5fcf-3878-1a1904429f7a" testName="TestInt" computerName="ALEXANDR" duration="00:00:00.0036662" startTime="2013-07-01T20:28:25.6889902+06:00" endTime="2013-07-01T20:28:25.6999908+06:00" testType="13cdc9d9-ddb5-4fa4-a97d-d965ccfc6d4b" outcome="Passed" testListId="8c84fa94-04c1-424b-9868-57a2d4851a1d" relativeResultsDirectory="e360c2a1-7289-4f5c-85fe-7d59c9d0e2ca">
    </UnitTestResult>
    <UnitTestResult executionId="69245cfa-dc9a-472b-8b6d-ce6a6ce1dddb" testId="84a07e41-a0fd-da03-d6de-5dc8bbf0a4a7" testName="TestInt" computerName="ALEXANDR" duration="00:00:00.0005450" startTime="2013-07-01T20:28:25.7069912+06:00" endTime="2013-07-01T20:28:25.7189919+06:00" testType="13cdc9d9-ddb5-4fa4-a97d-d965ccfc6d4b" outcome="Passed" testListId="8c84fa94-04c1-424b-9868-57a2d4851a1d" relativeResultsDirectory="69245cfa-dc9a-472b-8b6d-ce6a6ce1dddb">
    </UnitTestResult>
    <UnitTestResult executionId="0fdb08fa-5d81-4dac-8277-5f00ba311445" testId="8c874cdf-5c70-2c1b-54b3-d6e3235222b0" testName="Testdooble" computerName="ALEXANDR" duration="00:00:00.0036276" startTime="2013-07-01T20:28:25.7249922+06:00" endTime="2013-07-01T20:28:25.7359929+06:00" testType="13cdc9d9-ddb5-4fa4-a97d-d965ccfc6d4b" outcome="Passed" testListId="8c84fa94-04c1-424b-9868-57a2d4851a1d" relativeResultsDirectory="0fdb08fa-5d81-4dac-8277-5f00ba311445">
    </UnitTestResult>
    <UnitTestResult executionId="79f1a82b-cee1-4548-b940-97150db1a7b9" testId="9b762fcf-dbcb-6bd7-966a-88357f11028f" testName="DoubleTest" computerName="ALEXANDR" duration="00:00:00.0006585" startTime="2013-07-01T20:28:25.7399931+06:00" endTime="2013-07-01T20:28:25.7469935+06:00" testType="13cdc9d9-ddb5-4fa4-a97d-d965ccfc6d4b" outcome="Passed" testListId="8c84fa94-04c1-424b-9868-57a2d4851a1d" relativeResultsDirectory="79f1a82b-cee1-4548-b940-97150db1a7b9">
    </UnitTestResult>
    <UnitTestResult executionId="09999789-28e4-449c-9d04-c23829c8b2b5" testId="9ba4104d-6776-4fd7-c85b-0c0c2193a59a" testName="TestInt" computerName="ALEXANDR" duration="00:00:00.0005496" startTime="2013-07-01T20:28:25.7519938+06:00" endTime="2013-07-01T20:28:25.7589942+06:00" testType="13cdc9d9-ddb5-4fa4-a97d-d965ccfc6d4b" outcome="Passed" testListId="8c84fa94-04c1-424b-9868-57a2d4851a1d" relativeResultsDirectory="09999789-28e4-449c-9d04-c23829c8b2b5">
    </UnitTestResult>
    <UnitTestResult executionId="7e2f5d5d-3961-4c68-a1e5-658aad714c2c" testId="a76ef35d-fdf0-f6cc-0e27-623b73fc6140" testName="TestDouble" computerName="ALEXANDR" duration="00:00:00.0002639" startTime="2013-07-01T20:28:25.7629944+06:00" endTime="2013-07-01T20:28:25.7689947+06:00" testType="13cdc9d9-ddb5-4fa4-a97d-d965ccfc6d4b" outcome="Passed" testListId="8c84fa94-04c1-424b-9868-57a2d4851a1d" relativeResultsDirectory="7e2f5d5d-3961-4c68-a1e5-658aad714c2c">
    </UnitTestResult>
    <UnitTestResult executionId="8514b4bf-8ab3-4ba6-8e1d-95cecc847729" testId="b5fd0e53-900f-4e15-b75b-4439a1c204fe" testName="TestInt" computerName="ALEXANDR" duration="00:00:00.0005548" startTime="2013-07-01T20:28:25.7719949+06:00" endTime="2013-07-01T20:28:25.7779953+06:00" testType="13cdc9d9-ddb5-4fa4-a97d-d965ccfc6d4b" outcome="Passed" testListId="8c84fa94-04c1-424b-9868-57a2d4851a1d" relativeResultsDirectory="8514b4bf-8ab3-4ba6-8e1d-95cecc847729">
    </UnitTestResult>
    <UnitTestResult executionId="a5eb9554-6791-4c47-af65-8222ae465336" testId="bbe9b431-e740-0447-28f5-5e07af1a265f" testName="TestDooble" computerName="ALEXANDR" duration="00:00:00.0002694" startTime="2013-07-01T20:28:25.7799954+06:00" endTime="2013-07-01T20:28:25.7859957+06:00" testType="13cdc9d9-ddb5-4fa4-a97d-d965ccfc6d4b" outcome="Passed" testListId="8c84fa94-04c1-424b-9868-57a2d4851a1d" relativeResultsDirectory="a5eb9554-6791-4c47-af65-8222ae465336">
    </UnitTestResult>
    <UnitTestResult executionId="b1470881-a13f-4c07-a205-3bc9dc2f1cec" testId="d1237ce2-a25b-3127-4572-a28fb21bc84d" testName="DoubleTestTest" computerName="ALEXANDR" duration="00:00:00.0006511" startTime="2013-07-01T20:28:25.7929961+06:00" endTime="2013-07-01T20:28:25.7999965+06:00" testType="13cdc9d9-ddb5-4fa4-a97d-d965ccfc6d4b" outcome="Passed" testListId="8c84fa94-04c1-424b-9868-57a2d4851a1d" relativeResultsDirectory="b1470881-a13f-4c07-a205-3bc9dc2f1cec">
    </UnitTestResult>
    <UnitTestResult executionId="0593d98f-3483-4225-8c02-baa627d98cd4" testId="e81f30b4-104f-eacc-f336-6fe40962c615" testName="TestDouble" computerName="ALEXANDR" duration="00:00:00.0002694" startTime="2013-07-01T20:28:25.8049968+06:00" endTime="2013-07-01T20:28:25.8109971+06:00" testType="13cdc9d9-ddb5-4fa4-a97d-d965ccfc6d4b" outcome="Passed" testListId="8c84fa94-04c1-424b-9868-57a2d4851a1d" relativeResultsDirectory="0593d98f-3483-4225-8c02-baa627d98cd4">
    </UnitTestResult>
  </Results>
</TestRun>