<?xml version="1.0" encoding="UTF-8"?>
<TestRun id="4c55d355-a124-4660-8e52-1361f03da29c" name="Александр@ALEXANDR 2013-07-01 20:23:29" runUser="ALEXANDR\Александр" xmlns="http://microsoft.com/schemas/VisualStudio/TeamTest/2010">
  <TestSettings name="Локальные" id="0307d9ab-2183-4378-b68a-427592b18606">
    <Description>Это - параметры по умолчанию для локального тестового запуска.</Description>
    <Deployment enabled="false" runDeploymentRoot="Александр_ALEXANDR 2013-07-01 20_23_29">
      <DeploymentItem filename="C:\Users\Александр\Documents\GitHub\Calculate\graphrez\bin\Debug\graphrez.exe" />
    </Deployment>
    <Execution>
      <TestTypeSpecific />
      <AgentRule name="Execution Agents">
      </AgentRule>
    </Execution>
  </TestSettings>
  <Times creation="2013-07-01T20:23:30.0000777+06:00" queuing="2013-07-01T20:23:30.0160786+06:00" start="2013-07-01T20:23:30.0260792+06:00" finish="2013-07-01T20:23:30.3911001+06:00" />
  <ResultSummary outcome="Failed">
    <Counters total="1" executed="1" error="0" failed="1" timeout="0" aborted="0" inconclusive="0" passedButRunAborted="0" notRunnable="0" notExecuted="0" disconnected="0" warning="0" passed="0" completed="0" inProgress="0" pending="0" />
  </ResultSummary>
  <TestDefinitions>
    <UnitTest name="DoubleTestTest" storage="c:\users\александр\documents\github\calculate\testggraphrez\bin\debug\testggraphrez.dll" id="d1237ce2-a25b-3127-4572-a28fb21bc84d">
      <Execution id="f40bf1b1-6f53-4390-ae0f-693ba431bd2f" />
      <TestMethod codeBase="C:/Users/Александр/Documents/GitHub/Calculate/TestgGraphrez/bin/Debug/TestgGraphrez.DLL" adapterTypeName="Microsoft.VisualStudio.TestTools.TestTypes.Unit.UnitTestAdapter, Microsoft.VisualStudio.QualityTools.Tips.UnitTest.Adapter, Version=10.0.0.0, Culture=neutral, PublicKeyToken=b03f5f7f11d50a3a" className="TestgGraphrez.SinTest, TestgGraphrez, Version=1.0.0.0, Culture=neutral, PublicKeyToken=null" name="DoubleTestTest" />
    </UnitTest>
  </TestDefinitions>
  <TestLists>
    <TestList name="Отсутствующие в списке результаты" id="8c84fa94-04c1-424b-9868-57a2d4851a1d" />
    <TestList name="Все загруженные результаты" id="19431567-8539-422a-85d7-44ee4e166bda" />
  </TestLists>
  <TestEntries>
    <TestEntry testId="d1237ce2-a25b-3127-4572-a28fb21bc84d" executionId="f40bf1b1-6f53-4390-ae0f-693ba431bd2f" testListId="8c84fa94-04c1-424b-9868-57a2d4851a1d" />
  </TestEntries>
  <Results>
    <UnitTestResult executionId="f40bf1b1-6f53-4390-ae0f-693ba431bd2f" testId="d1237ce2-a25b-3127-4572-a28fb21bc84d" testName="DoubleTestTest" computerName="ALEXANDR" duration="00:00:00.0540005" startTime="2013-07-01T20:23:30.0410801+06:00" endTime="2013-07-01T20:23:30.3570981+06:00" testType="13cdc9d9-ddb5-4fa4-a97d-d965ccfc6d4b" outcome="Failed" testListId="8c84fa94-04c1-424b-9868-57a2d4851a1d" relativeResultsDirectory="f40bf1b1-6f53-4390-ae0f-693ba431bd2f">
      <Output>
        <ErrorInfo>
          <Message>Ошибка в Assert.AreEqual. Между ожидаемым значением &lt;1,57&gt; и фактическим значением &lt;0,841470984807897&gt; требуется разница не более чем &lt;0,001&gt;. </Message>
          <StackTrace>   в TestgGraphrez.SinTest.DoubleTestTest() в C:\Users\Александр\Documents\GitHub\Calculate\TestgGraphrez\Sintest.cs:строка 17
</StackTrace>
        </ErrorInfo>
      </Output>
    </UnitTestResult>
  </Results>
</TestRun>